************* Module nexnest.forms
nexnest/forms.py:2: [C0301(line-too-long), ] Line too long (146/100)
nexnest/forms.py:8: [C0301(line-too-long), ] Line too long (101/100)
nexnest/forms.py:90: [C0301(line-too-long), ] Line too long (132/100)
nexnest/forms.py:1: [C0111(missing-docstring), ] Missing module docstring
nexnest/forms.py:11: [C0111(missing-docstring), TourMessageForm] Missing class docstring
nexnest/forms.py:18: [C0111(missing-docstring), TourForm] Missing class docstring
nexnest/forms.py:25: [C0111(missing-docstring), TourDateChangeForm] Missing class docstring
nexnest/forms.py:30: [C0111(missing-docstring), SuggestListingForm] Missing class docstring
nexnest/forms.py:35: [C0111(missing-docstring), RegistrationForm] Missing class docstring
nexnest/forms.py:51: [C0111(missing-docstring), ProfilePictureForm] Missing class docstring
nexnest/forms.py:55: [C0111(missing-docstring), LoginForm] Missing class docstring
nexnest/forms.py:60: [C0111(missing-docstring), ListingForm] Missing class docstring
nexnest/forms.py:93: [C0111(missing-docstring), CreateGroupForm] Missing class docstring
nexnest/forms.py:101: [C0111(missing-docstring), GroupMessageForm] Missing class docstring
nexnest/forms.py:108: [C0111(missing-docstring), DirectMessageForm] Missing class docstring
nexnest/forms.py:113: [C0111(missing-docstring), EditAccountForm] Missing class docstring
nexnest/forms.py:126: [C0111(missing-docstring), InviteGroupForm] Missing class docstring
nexnest/forms.py:131: [C0111(missing-docstring), PasswordChangeForm] Missing class docstring
nexnest/forms.py:4: [C0412(ungrouped-imports), ] Imports from package flask_wtf are not grouped
nexnest/forms.py:6: [C0412(ungrouped-imports), ] Imports from package wtforms are not grouped
************* Module nexnest.application
nexnest/application.py:1: [C0111(missing-docstring), ] Missing module docstring
nexnest/application.py:24: [C0103(invalid-name), ] Invalid constant name "env"
nexnest/application.py:27: [C0103(invalid-name), ] Invalid constant name "env"
nexnest/application.py:34: [C0103(invalid-name), ] Invalid constant name "app"
nexnest/application.py:41: [C0103(invalid-name), ] Invalid constant name "engine"
nexnest/application.py:42: [C0103(invalid-name), ] Invalid constant name "session"
nexnest/application.py:43: [C0103(invalid-name), ] Invalid constant name "db"
nexnest/application.py:46: [C0103(invalid-name), ] Invalid constant name "csrf"
nexnest/application.py:49: [C0103(invalid-name), ] Invalid constant name "login_manager"
nexnest/application.py:55: [C0413(wrong-import-position), ] Import "from nexnest.models.user import User" should be placed at the top of the module
nexnest/application.py:56: [C0413(wrong-import-position), ] Import "from nexnest.models.school import School" should be placed at the top of the module
nexnest/application.py:57: [C0413(wrong-import-position), ] Import "from nexnest.models.listing import Listing" should be placed at the top of the module
nexnest/application.py:58: [C0413(wrong-import-position), ] Import "from nexnest.models.group import Group" should be placed at the top of the module
nexnest/application.py:59: [C0413(wrong-import-position), ] Import "from nexnest.models.group_listing import GroupListing" should be placed at the top of the module
nexnest/application.py:60: [C0413(wrong-import-position), ] Import "from nexnest.models.message import Message" should be placed at the top of the module
nexnest/application.py:61: [C0413(wrong-import-position), ] Import "from nexnest.models.group_message import GroupMessage" should be placed at the top of the module
nexnest/application.py:62: [C0413(wrong-import-position), ] Import "from nexnest.models.direct_message import DirectMessage" should be placed at the top of the module
nexnest/application.py:66: [C0111(missing-docstring), load_user] Missing function docstring
nexnest/application.py:67: [E1101(no-member), load_user] Instance of 'scoped_session' has no 'query' member
nexnest/application.py:70: [E0611(no-name-in-module), ] No name 'blueprints' in module 'nexnest'
nexnest/application.py:70: [E0401(import-error), ] Unable to import 'nexnest.blueprints.base'
nexnest/application.py:70: [C0413(wrong-import-position), ] Import "from nexnest.blueprints.base import base" should be placed at the top of the module
nexnest/application.py:71: [E0611(no-name-in-module), ] No name 'blueprints' in module 'nexnest'
nexnest/application.py:71: [E0401(import-error), ] Unable to import 'nexnest.blueprints.index'
nexnest/application.py:71: [C0413(wrong-import-position), ] Import "from nexnest.blueprints.index import indexs" should be placed at the top of the module
nexnest/application.py:72: [E0611(no-name-in-module), ] No name 'blueprints' in module 'nexnest'
nexnest/application.py:72: [E0401(import-error), ] Unable to import 'nexnest.blueprints.listing'
nexnest/application.py:72: [C0413(wrong-import-position), ] Import "from nexnest.blueprints.listing import listings" should be placed at the top of the module
nexnest/application.py:73: [E0611(no-name-in-module), ] No name 'blueprints' in module 'nexnest'
nexnest/application.py:73: [E0401(import-error), ] Unable to import 'nexnest.blueprints.user'
nexnest/application.py:73: [C0413(wrong-import-position), ] Import "from nexnest.blueprints.user import users" should be placed at the top of the module
nexnest/application.py:74: [E0611(no-name-in-module), ] No name 'blueprints' in module 'nexnest'
nexnest/application.py:74: [E0401(import-error), ] Unable to import 'nexnest.blueprints.group'
nexnest/application.py:74: [C0413(wrong-import-position), ] Import "from nexnest.blueprints.group import groups" should be placed at the top of the module
nexnest/application.py:75: [E0611(no-name-in-module), ] No name 'blueprints' in module 'nexnest'
nexnest/application.py:75: [E0401(import-error), ] Unable to import 'nexnest.blueprints.tour'
nexnest/application.py:75: [C0413(wrong-import-position), ] Import "from nexnest.blueprints.tour import tours" should be placed at the top of the module
nexnest/application.py:84: [C0413(wrong-import-position), ] Import "from nexnest.forms import LoginForm" should be placed at the top of the module
nexnest/application.py:88: [C0111(missing-docstring), insert_login_form] Missing function docstring
nexnest/application.py:56: [W0611(unused-import), ] Unused School imported from nexnest.models.school
nexnest/application.py:57: [W0611(unused-import), ] Unused Listing imported from nexnest.models.listing
nexnest/application.py:58: [W0611(unused-import), ] Unused Group imported from nexnest.models.group
nexnest/application.py:59: [W0611(unused-import), ] Unused GroupListing imported from nexnest.models.group_listing
nexnest/application.py:60: [W0611(unused-import), ] Unused Message imported from nexnest.models.message
nexnest/application.py:61: [W0611(unused-import), ] Unused GroupMessage imported from nexnest.models.group_message
nexnest/application.py:62: [W0611(unused-import), ] Unused DirectMessage imported from nexnest.models.direct_message
************* Module nexnest.models.landlord
nexnest/models/landlord.py:1: [C0111(missing-docstring), ] Missing module docstring
nexnest/models/landlord.py:8: [C0111(missing-docstring), Landlord] Missing class docstring
nexnest/models/landlord.py:8: [R0902(too-many-instance-attributes), Landlord] Too many instance attributes (8/7)
nexnest/models/landlord.py:10: [E1101(no-member), Landlord] Instance of 'SQLAlchemy' has no 'Column' member
nexnest/models/landlord.py:10: [E1101(no-member), Landlord] Instance of 'SQLAlchemy' has no 'Integer' member
nexnest/models/landlord.py:11: [E1101(no-member), Landlord] Instance of 'SQLAlchemy' has no 'ForeignKey' member
nexnest/models/landlord.py:13: [E1101(no-member), Landlord] Instance of 'SQLAlchemy' has no 'Column' member
nexnest/models/landlord.py:13: [E1101(no-member), Landlord] Instance of 'SQLAlchemy' has no 'Boolean' member
nexnest/models/landlord.py:14: [E1101(no-member), Landlord] Instance of 'SQLAlchemy' has no 'Column' member
nexnest/models/landlord.py:14: [E1101(no-member), Landlord] Instance of 'SQLAlchemy' has no 'Boolean' member
nexnest/models/landlord.py:15: [E1101(no-member), Landlord] Instance of 'SQLAlchemy' has no 'Column' member
nexnest/models/landlord.py:15: [E1101(no-member), Landlord] Instance of 'SQLAlchemy' has no 'Text' member
nexnest/models/landlord.py:16: [E1101(no-member), Landlord] Instance of 'SQLAlchemy' has no 'Column' member
nexnest/models/landlord.py:16: [E1101(no-member), Landlord] Instance of 'SQLAlchemy' has no 'Text' member
nexnest/models/landlord.py:17: [E1101(no-member), Landlord] Instance of 'SQLAlchemy' has no 'Column' member
nexnest/models/landlord.py:17: [E1101(no-member), Landlord] Instance of 'SQLAlchemy' has no 'String' member
nexnest/models/landlord.py:18: [E1101(no-member), Landlord] Instance of 'SQLAlchemy' has no 'Column' member
nexnest/models/landlord.py:18: [E1101(no-member), Landlord] Instance of 'SQLAlchemy' has no 'String' member
nexnest/models/landlord.py:21: [R0913(too-many-arguments), Landlord.__init__] Too many arguments (8/5)
nexnest/models/landlord.py:8: [R0903(too-few-public-methods), Landlord] Too few public methods (0/2)
nexnest/models/landlord.py:3: [C0411(wrong-import-order), ] external import "from nexnest.application import db" comes before "from .base import Base"
nexnest/models/landlord.py:5: [C0411(wrong-import-order), ] external import "from sqlalchemy.orm import relationship" comes before "from .base import Base"
************* Module nexnest.models.tour_message
nexnest/models/tour_message.py:1: [C0111(missing-docstring), ] Missing module docstring
nexnest/models/tour_message.py:11: [C0111(missing-docstring), TourMessage] Missing class docstring
nexnest/models/tour_message.py:13: [E1101(no-member), TourMessage] Instance of 'SQLAlchemy' has no 'Column' member
nexnest/models/tour_message.py:13: [E1101(no-member), TourMessage] Instance of 'SQLAlchemy' has no 'Integer' member
nexnest/models/tour_message.py:14: [E1101(no-member), TourMessage] Instance of 'SQLAlchemy' has no 'ForeignKey' member
nexnest/models/tour_message.py:16: [E1101(no-member), TourMessage] Instance of 'SQLAlchemy' has no 'Column' member
nexnest/models/tour_message.py:16: [E1101(no-member), TourMessage] Instance of 'SQLAlchemy' has no 'Integer' member
nexnest/models/tour_message.py:17: [E1101(no-member), TourMessage] Instance of 'SQLAlchemy' has no 'ForeignKey' member
nexnest/models/tour_message.py:11: [R0903(too-few-public-methods), TourMessage] Too few public methods (0/2)
nexnest/models/tour_message.py:5: [W0611(unused-import), ] Unused Base imported from base
nexnest/models/tour_message.py:7: [W0611(unused-import), ] Unused event imported from sqlalchemy
nexnest/models/tour_message.py:7: [C0411(wrong-import-order), ] external import "from sqlalchemy import event" comes before "from .message import Message"
************* Module nexnest.models.report
nexnest/models/report.py:1: [C0111(missing-docstring), ] Missing module docstring
nexnest/models/report.py:10: [C0111(missing-docstring), Report] Missing class docstring
nexnest/models/report.py:12: [C0103(invalid-name), Report] Invalid class attribute name "id"
nexnest/models/report.py:12: [E1101(no-member), Report] Instance of 'SQLAlchemy' has no 'Column' member
nexnest/models/report.py:12: [E1101(no-member), Report] Instance of 'SQLAlchemy' has no 'Integer' member
nexnest/models/report.py:13: [E1101(no-member), Report] Instance of 'SQLAlchemy' has no 'Column' member
nexnest/models/report.py:13: [E1101(no-member), Report] Instance of 'SQLAlchemy' has no 'Text' member
nexnest/models/report.py:14: [E1101(no-member), Report] Instance of 'SQLAlchemy' has no 'Column' member
nexnest/models/report.py:14: [E1101(no-member), Report] Instance of 'SQLAlchemy' has no 'Text' member
nexnest/models/report.py:15: [E1101(no-member), Report] Instance of 'SQLAlchemy' has no 'Column' member
nexnest/models/report.py:15: [E1101(no-member), Report] Instance of 'SQLAlchemy' has no 'DateTime' member
nexnest/models/report.py:16: [E1101(no-member), Report] Instance of 'SQLAlchemy' has no 'Column' member
nexnest/models/report.py:16: [E1101(no-member), Report] Instance of 'SQLAlchemy' has no 'DateTime' member
nexnest/models/report.py:10: [R0903(too-few-public-methods), Report] Too few public methods (0/2)
nexnest/models/report.py:34: [C0111(missing-docstring), update_date_modified] Missing function docstring
nexnest/models/report.py:34: [W0613(unused-argument), update_date_modified] Unused argument 'mapper'
nexnest/models/report.py:34: [W0613(unused-argument), update_date_modified] Unused argument 'connection'
nexnest/models/report.py:7: [C0411(wrong-import-order), ] external import "from sqlalchemy import event" comes before "from .base import Base"
************* Module nexnest.models.tour
nexnest/models/tour.py:1: [C0111(missing-docstring), ] Missing module docstring
nexnest/models/tour.py:11: [C0111(missing-docstring), Tour] Missing class docstring
nexnest/models/tour.py:13: [C0103(invalid-name), Tour] Invalid class attribute name "id"
nexnest/models/tour.py:13: [E1101(no-member), Tour] Instance of 'SQLAlchemy' has no 'Column' member
nexnest/models/tour.py:13: [E1101(no-member), Tour] Instance of 'SQLAlchemy' has no 'Integer' member
nexnest/models/tour.py:14: [E1101(no-member), Tour] Instance of 'SQLAlchemy' has no 'Column' member
nexnest/models/tour.py:14: [E1101(no-member), Tour] Instance of 'SQLAlchemy' has no 'Integer' member
nexnest/models/tour.py:14: [E1101(no-member), Tour] Instance of 'SQLAlchemy' has no 'ForeignKey' member
nexnest/models/tour.py:15: [E1101(no-member), Tour] Instance of 'SQLAlchemy' has no 'Column' member
nexnest/models/tour.py:15: [E1101(no-member), Tour] Instance of 'SQLAlchemy' has no 'Integer' member
nexnest/models/tour.py:15: [E1101(no-member), Tour] Instance of 'SQLAlchemy' has no 'ForeignKey' member
nexnest/models/tour.py:16: [E1101(no-member), Tour] Instance of 'SQLAlchemy' has no 'Column' member
nexnest/models/tour.py:16: [E1101(no-member), Tour] Instance of 'SQLAlchemy' has no 'DateTime' member
nexnest/models/tour.py:17: [E1101(no-member), Tour] Instance of 'SQLAlchemy' has no 'Column' member
nexnest/models/tour.py:17: [E1101(no-member), Tour] Instance of 'SQLAlchemy' has no 'DateTime' member
nexnest/models/tour.py:18: [E1101(no-member), Tour] Instance of 'SQLAlchemy' has no 'Column' member
nexnest/models/tour.py:18: [E1101(no-member), Tour] Instance of 'SQLAlchemy' has no 'DateTime' member
nexnest/models/tour.py:19: [E1101(no-member), Tour] Instance of 'SQLAlchemy' has no 'Column' member
nexnest/models/tour.py:19: [E1101(no-member), Tour] Instance of 'SQLAlchemy' has no 'Boolean' member
nexnest/models/tour.py:20: [E1101(no-member), Tour] Instance of 'SQLAlchemy' has no 'Column' member
nexnest/models/tour.py:20: [E1101(no-member), Tour] Instance of 'SQLAlchemy' has no 'String' member
nexnest/models/tour.py:44: [C0103(invalid-name), Tour.isViewableBy] Invalid method name "isViewableBy"
nexnest/models/tour.py:44: [C0111(missing-docstring), Tour.isViewableBy] Missing method docstring
nexnest/models/tour.py:50: [C0103(invalid-name), Tour.isEditableBy] Invalid method name "isEditableBy"
nexnest/models/tour.py:50: [C0111(missing-docstring), Tour.isEditableBy] Missing method docstring
nexnest/models/tour.py:57: [C0111(missing-docstring), update_date_modified] Missing function docstring
nexnest/models/tour.py:57: [W0613(unused-argument), update_date_modified] Unused argument 'mapper'
nexnest/models/tour.py:57: [W0613(unused-argument), update_date_modified] Unused argument 'connection'
nexnest/models/tour.py:7: [C0411(wrong-import-order), ] external import "from sqlalchemy import event" comes before "from .base import Base"
************* Module nexnest.models.group_listing
nexnest/models/group_listing.py:1: [C0111(missing-docstring), ] Missing module docstring
nexnest/models/group_listing.py:11: [C0111(missing-docstring), GroupListing] Missing class docstring
nexnest/models/group_listing.py:11: [R0902(too-many-instance-attributes), GroupListing] Too many instance attributes (10/7)
nexnest/models/group_listing.py:13: [E1101(no-member), GroupListing] Instance of 'SQLAlchemy' has no 'Column' member
nexnest/models/group_listing.py:13: [E1101(no-member), GroupListing] Instance of 'SQLAlchemy' has no 'Integer' member
nexnest/models/group_listing.py:14: [E1101(no-member), GroupListing] Instance of 'SQLAlchemy' has no 'ForeignKey' member
nexnest/models/group_listing.py:16: [E1101(no-member), GroupListing] Instance of 'SQLAlchemy' has no 'Column' member
nexnest/models/group_listing.py:16: [E1101(no-member), GroupListing] Instance of 'SQLAlchemy' has no 'Integer' member
nexnest/models/group_listing.py:17: [E1101(no-member), GroupListing] Instance of 'SQLAlchemy' has no 'ForeignKey' member
nexnest/models/group_listing.py:19: [E1101(no-member), GroupListing] Instance of 'SQLAlchemy' has no 'Column' member
nexnest/models/group_listing.py:19: [E1101(no-member), GroupListing] Instance of 'SQLAlchemy' has no 'Text' member
nexnest/models/group_listing.py:24: [E1101(no-member), GroupListing] Instance of 'SQLAlchemy' has no 'Column' member
nexnest/models/group_listing.py:24: [E1101(no-member), GroupListing] Instance of 'SQLAlchemy' has no 'Boolean' member
nexnest/models/group_listing.py:29: [E1101(no-member), GroupListing] Instance of 'SQLAlchemy' has no 'Column' member
nexnest/models/group_listing.py:29: [E1101(no-member), GroupListing] Instance of 'SQLAlchemy' has no 'Boolean' member
nexnest/models/group_listing.py:33: [E1101(no-member), GroupListing] Instance of 'SQLAlchemy' has no 'Column' member
nexnest/models/group_listing.py:33: [E1101(no-member), GroupListing] Instance of 'SQLAlchemy' has no 'Boolean' member
nexnest/models/group_listing.py:34: [E1101(no-member), GroupListing] Instance of 'SQLAlchemy' has no 'Column' member
nexnest/models/group_listing.py:34: [E1101(no-member), GroupListing] Instance of 'SQLAlchemy' has no 'Boolean' member
nexnest/models/group_listing.py:39: [E1101(no-member), GroupListing] Instance of 'SQLAlchemy' has no 'Column' member
nexnest/models/group_listing.py:39: [E1101(no-member), GroupListing] Instance of 'SQLAlchemy' has no 'DateTime' member
nexnest/models/group_listing.py:67: [C0111(missing-docstring), GroupListing.status] Missing method docstring
nexnest/models/group_listing.py:11: [R0903(too-few-public-methods), GroupListing] Too few public methods (1/2)
nexnest/models/group_listing.py:5: [C0411(wrong-import-order), ] standard import "from datetime import datetime as dt" comes before "from nexnest.application import db"
nexnest/models/group_listing.py:7: [C0411(wrong-import-order), ] external import "from sqlalchemy.orm import relationship" comes before "from .base import Base"
************* Module nexnest.models.maintenance_message
nexnest/models/maintenance_message.py:1: [C0111(missing-docstring), ] Missing module docstring
nexnest/models/maintenance_message.py:6: [C0111(missing-docstring), MaintenanceMessage] Missing class docstring
nexnest/models/maintenance_message.py:8: [E1101(no-member), MaintenanceMessage] Instance of 'SQLAlchemy' has no 'Column' member
nexnest/models/maintenance_message.py:8: [E1101(no-member), MaintenanceMessage] Instance of 'SQLAlchemy' has no 'Integer' member
nexnest/models/maintenance_message.py:9: [E1101(no-member), MaintenanceMessage] Instance of 'SQLAlchemy' has no 'ForeignKey' member
nexnest/models/maintenance_message.py:11: [E1101(no-member), MaintenanceMessage] Instance of 'SQLAlchemy' has no 'Column' member
nexnest/models/maintenance_message.py:11: [E1101(no-member), MaintenanceMessage] Instance of 'SQLAlchemy' has no 'Integer' member
nexnest/models/maintenance_message.py:12: [E1101(no-member), MaintenanceMessage] Instance of 'SQLAlchemy' has no 'ForeignKey' member
nexnest/models/maintenance_message.py:6: [R0903(too-few-public-methods), MaintenanceMessage] Too few public methods (0/2)
************* Module nexnest.models.example
nexnest/models/example.py:1: [C0111(missing-docstring), ] Missing module docstring
nexnest/models/example.py:11: [C0111(missing-docstring), XXXX] Missing class docstring
nexnest/models/example.py:13: [C0103(invalid-name), XXXX] Invalid class attribute name "id"
nexnest/models/example.py:13: [E1101(no-member), XXXX] Instance of 'SQLAlchemy' has no 'Column' member
nexnest/models/example.py:13: [E1101(no-member), XXXX] Instance of 'SQLAlchemy' has no 'Integer' member
nexnest/models/example.py:14: [E1101(no-member), XXXX] Instance of 'SQLAlchemy' has no 'Column' member
nexnest/models/example.py:14: [E1101(no-member), XXXX] Instance of 'SQLAlchemy' has no 'String' member
nexnest/models/example.py:15: [E1101(no-member), XXXX] Instance of 'SQLAlchemy' has no 'Column' member
nexnest/models/example.py:15: [E1101(no-member), XXXX] Instance of 'SQLAlchemy' has no 'String' member
nexnest/models/example.py:16: [E1101(no-member), XXXX] Instance of 'SQLAlchemy' has no 'Column' member
nexnest/models/example.py:16: [E1101(no-member), XXXX] Instance of 'SQLAlchemy' has no 'String' member
nexnest/models/example.py:17: [E1101(no-member), XXXX] Instance of 'SQLAlchemy' has no 'Column' member
nexnest/models/example.py:17: [E1101(no-member), XXXX] Instance of 'SQLAlchemy' has no 'String' member
nexnest/models/example.py:18: [E1101(no-member), XXXX] Instance of 'SQLAlchemy' has no 'Column' member
nexnest/models/example.py:18: [E1101(no-member), XXXX] Instance of 'SQLAlchemy' has no 'String' member
nexnest/models/example.py:19: [E1101(no-member), XXXX] Instance of 'SQLAlchemy' has no 'Column' member
nexnest/models/example.py:19: [E1101(no-member), XXXX] Instance of 'SQLAlchemy' has no 'DateTime' member
nexnest/models/example.py:20: [E1101(no-member), XXXX] Instance of 'SQLAlchemy' has no 'Column' member
nexnest/models/example.py:20: [E1101(no-member), XXXX] Instance of 'SQLAlchemy' has no 'DateTime' member
nexnest/models/example.py:24: [W0621(redefined-outer-name), XXXX.__init__] Redefining name 'XXXX' from outer scope (line 11)
nexnest/models/example.py:22: [C0103(invalid-name), XXXX.__init__] Invalid argument name "XXXX"
nexnest/models/example.py:24: [W0613(unused-argument), XXXX.__init__] Unused argument 'XXXX'
nexnest/models/example.py:11: [R0903(too-few-public-methods), XXXX] Too few public methods (0/2)
nexnest/models/example.py:36: [C0111(missing-docstring), update_date_modified] Missing function docstring
nexnest/models/example.py:36: [W0613(unused-argument), update_date_modified] Unused argument 'mapper'
nexnest/models/example.py:36: [W0613(unused-argument), update_date_modified] Unused argument 'connection'
nexnest/models/example.py:7: [C0411(wrong-import-order), ] external import "from sqlalchemy import event" comes before "from .base import Base"
************* Module nexnest.models.group_user
nexnest/models/group_user.py:1: [C0111(missing-docstring), ] Missing module docstring
nexnest/models/group_user.py:8: [C0111(missing-docstring), GroupUser] Missing class docstring
nexnest/models/group_user.py:10: [E1101(no-member), GroupUser] Instance of 'SQLAlchemy' has no 'Column' member
nexnest/models/group_user.py:10: [E1101(no-member), GroupUser] Instance of 'SQLAlchemy' has no 'Integer' member
nexnest/models/group_user.py:11: [E1101(no-member), GroupUser] Instance of 'SQLAlchemy' has no 'ForeignKey' member
nexnest/models/group_user.py:13: [E1101(no-member), GroupUser] Instance of 'SQLAlchemy' has no 'Column' member
nexnest/models/group_user.py:13: [E1101(no-member), GroupUser] Instance of 'SQLAlchemy' has no 'Integer' member
nexnest/models/group_user.py:14: [E1101(no-member), GroupUser] Instance of 'SQLAlchemy' has no 'ForeignKey' member
nexnest/models/group_user.py:18: [E1101(no-member), GroupUser] Instance of 'SQLAlchemy' has no 'Column' member
nexnest/models/group_user.py:18: [E1101(no-member), GroupUser] Instance of 'SQLAlchemy' has no 'Boolean' member
nexnest/models/group_user.py:25: [E1101(no-member), GroupUser] Instance of 'SQLAlchemy' has no 'Column' member
nexnest/models/group_user.py:25: [E1101(no-member), GroupUser] Instance of 'SQLAlchemy' has no 'Boolean' member
nexnest/models/group_user.py:8: [R0903(too-few-public-methods), GroupUser] Too few public methods (0/2)
nexnest/models/group_user.py:5: [C0411(wrong-import-order), ] external import "from sqlalchemy.orm import relationship" comes before "from .base import Base"
************* Module nexnest.models.friend
nexnest/models/friend.py:1: [C0111(missing-docstring), ] Missing module docstring
nexnest/models/friend.py:8: [C0111(missing-docstring), Friend] Missing class docstring
nexnest/models/friend.py:10: [E1101(no-member), Friend] Instance of 'SQLAlchemy' has no 'Column' member
nexnest/models/friend.py:10: [E1101(no-member), Friend] Instance of 'SQLAlchemy' has no 'Integer' member
nexnest/models/friend.py:11: [E1101(no-member), Friend] Instance of 'SQLAlchemy' has no 'ForeignKey' member
nexnest/models/friend.py:13: [E1101(no-member), Friend] Instance of 'SQLAlchemy' has no 'Column' member
nexnest/models/friend.py:13: [E1101(no-member), Friend] Instance of 'SQLAlchemy' has no 'Integer' member
nexnest/models/friend.py:14: [E1101(no-member), Friend] Instance of 'SQLAlchemy' has no 'ForeignKey' member
nexnest/models/friend.py:16: [E1101(no-member), Friend] Instance of 'SQLAlchemy' has no 'Column' member
nexnest/models/friend.py:16: [E1101(no-member), Friend] Instance of 'SQLAlchemy' has no 'Boolean' member
nexnest/models/friend.py:8: [R0903(too-few-public-methods), Friend] Too few public methods (0/2)
************* Module nexnest.models.message
nexnest/models/message.py:1: [C0111(missing-docstring), ] Missing module docstring
nexnest/models/message.py:11: [C0111(missing-docstring), Message] Missing class docstring
nexnest/models/message.py:13: [C0103(invalid-name), Message] Invalid class attribute name "id"
nexnest/models/message.py:13: [E1101(no-member), Message] Instance of 'SQLAlchemy' has no 'Column' member
nexnest/models/message.py:13: [E1101(no-member), Message] Instance of 'SQLAlchemy' has no 'Integer' member
nexnest/models/message.py:14: [E1101(no-member), Message] Instance of 'SQLAlchemy' has no 'Column' member
nexnest/models/message.py:14: [E1101(no-member), Message] Instance of 'SQLAlchemy' has no 'Text' member
nexnest/models/message.py:15: [E1101(no-member), Message] Instance of 'SQLAlchemy' has no 'Column' member
nexnest/models/message.py:15: [E1101(no-member), Message] Instance of 'SQLAlchemy' has no 'Integer' member
nexnest/models/message.py:15: [E1101(no-member), Message] Instance of 'SQLAlchemy' has no 'ForeignKey' member
nexnest/models/message.py:16: [E1101(no-member), Message] Instance of 'SQLAlchemy' has no 'Column' member
nexnest/models/message.py:16: [E1101(no-member), Message] Instance of 'SQLAlchemy' has no 'DateTime' member
nexnest/models/message.py:17: [E1101(no-member), Message] Instance of 'SQLAlchemy' has no 'Column' member
nexnest/models/message.py:17: [E1101(no-member), Message] Instance of 'SQLAlchemy' has no 'DateTime' member
nexnest/models/message.py:18: [E1101(no-member), Message] Instance of 'SQLAlchemy' has no 'Column' member
nexnest/models/message.py:18: [E1101(no-member), Message] Instance of 'SQLAlchemy' has no 'String' member
nexnest/models/message.py:11: [R0903(too-few-public-methods), Message] Too few public methods (0/2)
nexnest/models/message.py:42: [C0111(missing-docstring), update_date_modified] Missing function docstring
nexnest/models/message.py:42: [W0613(unused-argument), update_date_modified] Unused argument 'mapper'
nexnest/models/message.py:42: [W0613(unused-argument), update_date_modified] Unused argument 'connection'
nexnest/models/message.py:7: [C0411(wrong-import-order), ] external import "from sqlalchemy import event" comes before "from .base import Base"
************* Module nexnest.models.group_message
nexnest/models/group_message.py:1: [C0111(missing-docstring), ] Missing module docstring
nexnest/models/group_message.py:7: [C0111(missing-docstring), GroupMessage] Missing class docstring
nexnest/models/group_message.py:9: [E1101(no-member), GroupMessage] Instance of 'SQLAlchemy' has no 'Column' member
nexnest/models/group_message.py:9: [E1101(no-member), GroupMessage] Instance of 'SQLAlchemy' has no 'Integer' member
nexnest/models/group_message.py:10: [E1101(no-member), GroupMessage] Instance of 'SQLAlchemy' has no 'ForeignKey' member
nexnest/models/group_message.py:12: [E1101(no-member), GroupMessage] Instance of 'SQLAlchemy' has no 'Column' member
nexnest/models/group_message.py:12: [E1101(no-member), GroupMessage] Instance of 'SQLAlchemy' has no 'Integer' member
nexnest/models/group_message.py:13: [E1101(no-member), GroupMessage] Instance of 'SQLAlchemy' has no 'ForeignKey' member
nexnest/models/group_message.py:7: [R0903(too-few-public-methods), GroupMessage] Too few public methods (0/2)
************* Module nexnest.models.user
nexnest/models/user.py:65: [C0330(bad-continuation), ] Wrong continued indentation (remove 1 space).
                 ):
                |^
nexnest/models/user.py:197: [C0301(line-too-long), ] Line too long (104/100)
nexnest/models/user.py:219: [C0301(line-too-long), ] Line too long (110/100)
nexnest/models/user.py:1: [C0111(missing-docstring), ] Missing module docstring
nexnest/models/user.py:3: [E0611(no-name-in-module), ] No name 'utils' in module 'nexnest'
nexnest/models/user.py:3: [E0401(import-error), ] Unable to import 'nexnest.utils.password'
nexnest/models/user.py:19: [C0111(missing-docstring), User] Missing class docstring
nexnest/models/user.py:19: [R0902(too-many-instance-attributes), User] Too many instance attributes (16/7)
nexnest/models/user.py:21: [C0103(invalid-name), User] Invalid class attribute name "id"
nexnest/models/user.py:21: [E1101(no-member), User] Instance of 'SQLAlchemy' has no 'Column' member
nexnest/models/user.py:21: [E1101(no-member), User] Instance of 'SQLAlchemy' has no 'Integer' member
nexnest/models/user.py:22: [E1101(no-member), User] Instance of 'SQLAlchemy' has no 'Column' member
nexnest/models/user.py:22: [E1101(no-member), User] Instance of 'SQLAlchemy' has no 'String' member
nexnest/models/user.py:23: [E1101(no-member), User] Instance of 'SQLAlchemy' has no 'Column' member
nexnest/models/user.py:23: [E1101(no-member), User] Instance of 'SQLAlchemy' has no 'String' member
nexnest/models/user.py:24: [E1101(no-member), User] Instance of 'SQLAlchemy' has no 'Column' member
nexnest/models/user.py:24: [E1101(no-member), User] Instance of 'SQLAlchemy' has no 'String' member
nexnest/models/user.py:25: [E1101(no-member), User] Instance of 'SQLAlchemy' has no 'Column' member
nexnest/models/user.py:25: [E1101(no-member), User] Instance of 'SQLAlchemy' has no 'String' member
nexnest/models/user.py:26: [E1101(no-member), User] Instance of 'SQLAlchemy' has no 'Column' member
nexnest/models/user.py:26: [E1101(no-member), User] Instance of 'SQLAlchemy' has no 'String' member
nexnest/models/user.py:27: [E1101(no-member), User] Instance of 'SQLAlchemy' has no 'Column' member
nexnest/models/user.py:27: [E1101(no-member), User] Instance of 'SQLAlchemy' has no 'String' member
nexnest/models/user.py:28: [E1101(no-member), User] Instance of 'SQLAlchemy' has no 'Column' member
nexnest/models/user.py:28: [E1101(no-member), User] Instance of 'SQLAlchemy' has no 'Text' member
nexnest/models/user.py:29: [E1101(no-member), User] Instance of 'SQLAlchemy' has no 'Column' member
nexnest/models/user.py:29: [E1101(no-member), User] Instance of 'SQLAlchemy' has no 'String' member
nexnest/models/user.py:30: [E1101(no-member), User] Instance of 'SQLAlchemy' has no 'Column' member
nexnest/models/user.py:30: [E1101(no-member), User] Instance of 'SQLAlchemy' has no 'String' member
nexnest/models/user.py:31: [E1101(no-member), User] Instance of 'SQLAlchemy' has no 'Column' member
nexnest/models/user.py:31: [E1101(no-member), User] Instance of 'SQLAlchemy' has no 'String' member
nexnest/models/user.py:32: [E1101(no-member), User] Instance of 'SQLAlchemy' has no 'Column' member
nexnest/models/user.py:32: [E1101(no-member), User] Instance of 'SQLAlchemy' has no 'String' member
nexnest/models/user.py:33: [E1101(no-member), User] Instance of 'SQLAlchemy' has no 'Column' member
nexnest/models/user.py:33: [E1101(no-member), User] Instance of 'SQLAlchemy' has no 'Date' member
nexnest/models/user.py:34: [E1101(no-member), User] Instance of 'SQLAlchemy' has no 'Column' member
nexnest/models/user.py:34: [E1101(no-member), User] Instance of 'SQLAlchemy' has no 'String' member
nexnest/models/user.py:35: [E1101(no-member), User] Instance of 'SQLAlchemy' has no 'Column' member
nexnest/models/user.py:35: [E1101(no-member), User] Instance of 'SQLAlchemy' has no 'String' member
nexnest/models/user.py:36: [E1101(no-member), User] Instance of 'SQLAlchemy' has no 'Column' member
nexnest/models/user.py:36: [E1101(no-member), User] Instance of 'SQLAlchemy' has no 'String' member
nexnest/models/user.py:37: [E1101(no-member), User] Instance of 'SQLAlchemy' has no 'Column' member
nexnest/models/user.py:37: [E1101(no-member), User] Instance of 'SQLAlchemy' has no 'Integer' member
nexnest/models/user.py:37: [E1101(no-member), User] Instance of 'SQLAlchemy' has no 'ForeignKey' member
nexnest/models/user.py:38: [E1101(no-member), User] Instance of 'SQLAlchemy' has no 'Column' member
nexnest/models/user.py:38: [E1101(no-member), User] Instance of 'SQLAlchemy' has no 'Boolean' member
nexnest/models/user.py:52: [R0913(too-many-arguments), User.__init__] Too many arguments (13/5)
nexnest/models/user.py:99: [C0111(missing-docstring), User.set_password] Missing method docstring
nexnest/models/user.py:104: [C0103(invalid-name), User.set_password] Invalid variable name "hashedPassword"
nexnest/models/user.py:107: [C0103(invalid-name), User.set_password] Invalid variable name "splitPassword"
nexnest/models/user.py:115: [C0111(missing-docstring), User.serialize] Missing method docstring
nexnest/models/user.py:124: [C0111(missing-docstring), User.is_authenticated] Missing method docstring
nexnest/models/user.py:128: [C0111(missing-docstring), User.is_active] Missing method docstring
nexnest/models/user.py:132: [C0111(missing-docstring), User.is_anonymous] Missing method docstring
nexnest/models/user.py:135: [C0111(missing-docstring), User.get_id] Missing method docstring
nexnest/models/user.py:142: [C0111(missing-docstring), User.accepted_groups] Missing method docstring
nexnest/models/user.py:143: [C0103(invalid-name), User.accepted_groups] Invalid variable name "acceptedGroups"
nexnest/models/user.py:144: [C0103(invalid-name), User.accepted_groups] Invalid variable name "groupUser"
nexnest/models/user.py:151: [C0111(missing-docstring), User.un_accepted_groups] Missing method docstring
nexnest/models/user.py:152: [C0103(invalid-name), User.un_accepted_groups] Invalid variable name "unAcceptedGroups"
nexnest/models/user.py:153: [C0103(invalid-name), User.un_accepted_groups] Invalid variable name "groupUser"
nexnest/models/user.py:159: [C0111(missing-docstring), User.accept_group_invite] Missing method docstring
nexnest/models/user.py:160: [E1101(no-member), User.accept_group_invite] Instance of 'scoped_session' has no 'query' member
nexnest/models/user.py:167: [E1101(no-member), User.accept_group_invite] Instance of 'scoped_session' has no 'commit' member
nexnest/models/user.py:172: [C0111(missing-docstring), User.decline_group_invite] Missing method docstring
nexnest/models/user.py:173: [E1101(no-member), User.decline_group_invite] Instance of 'scoped_session' has no 'query' member
nexnest/models/user.py:180: [E1101(no-member), User.decline_group_invite] Instance of 'scoped_session' has no 'commit' member
nexnest/models/user.py:185: [C0103(invalid-name), User.isLandlord] Invalid attribute name "isLandlord"
nexnest/models/user.py:185: [C0111(missing-docstring), User.isLandlord] Missing method docstring
nexnest/models/user.py:186: [C0103(invalid-name), User.isLandlord] Invalid variable name "landlordCount"
nexnest/models/user.py:186: [E1101(no-member), User.isLandlord] Instance of 'scoped_session' has no 'query' member
nexnest/models/user.py:191: [C0103(invalid-name), User.leaveGroup] Invalid method name "leaveGroup"
nexnest/models/user.py:191: [C0111(missing-docstring), User.leaveGroup] Missing method docstring
nexnest/models/user.py:200: [C0103(invalid-name), User.leaveGroup] Invalid variable name "groupListings"
nexnest/models/user.py:200: [E1101(no-member), User.leaveGroup] Instance of 'scoped_session' has no 'query' member
nexnest/models/user.py:207: [C0103(invalid-name), User.leaveGroup] Invalid variable name "groupUser"
nexnest/models/user.py:207: [E1101(no-member), User.leaveGroup] Instance of 'scoped_session' has no 'query' member
nexnest/models/user.py:215: [E1101(no-member), User.leaveGroup] Instance of 'scoped_session' has no 'commit' member
nexnest/models/user.py:223: [C0103(invalid-name), User.isGroupLeader] Invalid attribute name "isGroupLeader"
nexnest/models/user.py:223: [C0111(missing-docstring), User.isGroupLeader] Missing method docstring
nexnest/models/user.py:5: [W0611(unused-import), ] Unused Group imported from nexnest.models.group
nexnest/models/user.py:12: [C0411(wrong-import-order), ] standard import "from datetime import datetime as dt" comes before "from nexnest.application import db, session"
nexnest/models/user.py:14: [C0411(wrong-import-order), ] external import "from sqlalchemy.orm import relationship" comes before "from .base import Base"
nexnest/models/user.py:16: [C0411(wrong-import-order), ] external import "from flask import flash" comes before "from .base import Base"
************* Module nexnest.models.direct_message
nexnest/models/direct_message.py:1: [C0111(missing-docstring), ] Missing module docstring
nexnest/models/direct_message.py:7: [C0111(missing-docstring), DirectMessage] Missing class docstring
nexnest/models/direct_message.py:9: [E1101(no-member), DirectMessage] Instance of 'SQLAlchemy' has no 'Column' member
nexnest/models/direct_message.py:9: [E1101(no-member), DirectMessage] Instance of 'SQLAlchemy' has no 'Integer' member
nexnest/models/direct_message.py:10: [E1101(no-member), DirectMessage] Instance of 'SQLAlchemy' has no 'ForeignKey' member
nexnest/models/direct_message.py:12: [E1101(no-member), DirectMessage] Instance of 'SQLAlchemy' has no 'Column' member
nexnest/models/direct_message.py:12: [E1101(no-member), DirectMessage] Instance of 'SQLAlchemy' has no 'Integer' member
nexnest/models/direct_message.py:13: [E1101(no-member), DirectMessage] Instance of 'SQLAlchemy' has no 'ForeignKey' member
nexnest/models/direct_message.py:15: [E1101(no-member), DirectMessage] Instance of 'SQLAlchemy' has no 'Column' member
nexnest/models/direct_message.py:15: [E1101(no-member), DirectMessage] Instance of 'SQLAlchemy' has no 'Integer' member
nexnest/models/direct_message.py:16: [E1101(no-member), DirectMessage] Instance of 'SQLAlchemy' has no 'ForeignKey' member
nexnest/models/direct_message.py:7: [R0903(too-few-public-methods), DirectMessage] Too few public methods (0/2)
nexnest/models/direct_message.py:4: [W0611(unused-import), ] Unused Base imported from base
************* Module nexnest.models.listing_favorite
nexnest/models/listing_favorite.py:1: [C0111(missing-docstring), ] Missing module docstring
nexnest/models/listing_favorite.py:7: [C0111(missing-docstring), ListingFavorite] Missing class docstring
nexnest/models/listing_favorite.py:9: [E1101(no-member), ListingFavorite] Instance of 'SQLAlchemy' has no 'Column' member
nexnest/models/listing_favorite.py:9: [E1101(no-member), ListingFavorite] Instance of 'SQLAlchemy' has no 'Integer' member
nexnest/models/listing_favorite.py:10: [E1101(no-member), ListingFavorite] Instance of 'SQLAlchemy' has no 'ForeignKey' member
nexnest/models/listing_favorite.py:13: [E1101(no-member), ListingFavorite] Instance of 'SQLAlchemy' has no 'Column' member
nexnest/models/listing_favorite.py:13: [E1101(no-member), ListingFavorite] Instance of 'SQLAlchemy' has no 'Integer' member
nexnest/models/listing_favorite.py:14: [E1101(no-member), ListingFavorite] Instance of 'SQLAlchemy' has no 'ForeignKey' member
nexnest/models/listing_favorite.py:7: [R0903(too-few-public-methods), ListingFavorite] Too few public methods (0/2)
************* Module nexnest.models.base
nexnest/models/base.py:1: [C0111(missing-docstring), ] Missing module docstring
nexnest/models/base.py:4: [C0111(missing-docstring), update] Missing function docstring
nexnest/models/base.py:14: [C0103(invalid-name), ] Invalid constant name "Base"
************* Module nexnest.models.landlord_listing
nexnest/models/landlord_listing.py:1: [C0111(missing-docstring), ] Missing module docstring
nexnest/models/landlord_listing.py:8: [C0111(missing-docstring), LandlordListing] Missing class docstring
nexnest/models/landlord_listing.py:10: [E1101(no-member), LandlordListing] Instance of 'SQLAlchemy' has no 'Column' member
nexnest/models/landlord_listing.py:10: [E1101(no-member), LandlordListing] Instance of 'SQLAlchemy' has no 'Integer' member
nexnest/models/landlord_listing.py:11: [E1101(no-member), LandlordListing] Instance of 'SQLAlchemy' has no 'ForeignKey' member
nexnest/models/landlord_listing.py:14: [E1101(no-member), LandlordListing] Instance of 'SQLAlchemy' has no 'Column' member
nexnest/models/landlord_listing.py:14: [E1101(no-member), LandlordListing] Instance of 'SQLAlchemy' has no 'Integer' member
nexnest/models/landlord_listing.py:15: [E1101(no-member), LandlordListing] Instance of 'SQLAlchemy' has no 'ForeignKey' member
nexnest/models/landlord_listing.py:8: [R0903(too-few-public-methods), LandlordListing] Too few public methods (0/2)
nexnest/models/landlord_listing.py:5: [C0411(wrong-import-order), ] external import "from sqlalchemy.orm import relationship" comes before "from .base import Base"
************* Module nexnest.models.school
nexnest/models/school.py:1: [C0111(missing-docstring), ] Missing module docstring
nexnest/models/school.py:11: [C0111(missing-docstring), School] Missing class docstring
nexnest/models/school.py:11: [R0902(too-many-instance-attributes), School] Too many instance attributes (9/7)
nexnest/models/school.py:13: [C0103(invalid-name), School] Invalid class attribute name "id"
nexnest/models/school.py:13: [E1101(no-member), School] Instance of 'SQLAlchemy' has no 'Column' member
nexnest/models/school.py:13: [E1101(no-member), School] Instance of 'SQLAlchemy' has no 'Integer' member
nexnest/models/school.py:14: [E1101(no-member), School] Instance of 'SQLAlchemy' has no 'Column' member
nexnest/models/school.py:14: [E1101(no-member), School] Instance of 'SQLAlchemy' has no 'Text' member
nexnest/models/school.py:15: [E1101(no-member), School] Instance of 'SQLAlchemy' has no 'Column' member
nexnest/models/school.py:15: [E1101(no-member), School] Instance of 'SQLAlchemy' has no 'Text' member
nexnest/models/school.py:16: [E1101(no-member), School] Instance of 'SQLAlchemy' has no 'Column' member
nexnest/models/school.py:16: [E1101(no-member), School] Instance of 'SQLAlchemy' has no 'Text' member
nexnest/models/school.py:17: [E1101(no-member), School] Instance of 'SQLAlchemy' has no 'Column' member
nexnest/models/school.py:17: [E1101(no-member), School] Instance of 'SQLAlchemy' has no 'String' member
nexnest/models/school.py:18: [E1101(no-member), School] Instance of 'SQLAlchemy' has no 'Column' member
nexnest/models/school.py:18: [E1101(no-member), School] Instance of 'SQLAlchemy' has no 'String' member
nexnest/models/school.py:19: [E1101(no-member), School] Instance of 'SQLAlchemy' has no 'Column' member
nexnest/models/school.py:19: [E1101(no-member), School] Instance of 'SQLAlchemy' has no 'String' member
nexnest/models/school.py:20: [E1101(no-member), School] Instance of 'SQLAlchemy' has no 'Column' member
nexnest/models/school.py:20: [E1101(no-member), School] Instance of 'SQLAlchemy' has no 'Text' member
nexnest/models/school.py:21: [E1101(no-member), School] Instance of 'SQLAlchemy' has no 'Column' member
nexnest/models/school.py:21: [E1101(no-member), School] Instance of 'SQLAlchemy' has no 'DateTime' member
nexnest/models/school.py:22: [E1101(no-member), School] Instance of 'SQLAlchemy' has no 'Column' member
nexnest/models/school.py:22: [E1101(no-member), School] Instance of 'SQLAlchemy' has no 'DateTime' member
nexnest/models/school.py:25: [R0913(too-many-arguments), School.__init__] Too many arguments (8/5)
nexnest/models/school.py:11: [R0903(too-few-public-methods), School] Too few public methods (0/2)
nexnest/models/school.py:51: [C0111(missing-docstring), update_date_modified] Missing function docstring
nexnest/models/school.py:51: [W0613(unused-argument), update_date_modified] Unused argument 'mapper'
nexnest/models/school.py:51: [W0613(unused-argument), update_date_modified] Unused argument 'connection'
nexnest/models/school.py:7: [C0411(wrong-import-order), ] external import "from sqlalchemy import event" comes before "from .base import Base"
nexnest/models/school.py:8: [C0411(wrong-import-order), ] external import "from sqlalchemy.orm import relationship" comes before "from .base import Base"
************* Module nexnest.models.group
nexnest/models/group.py:1: [C0111(missing-docstring), ] Missing module docstring
nexnest/models/group.py:15: [C0111(missing-docstring), Group] Missing class docstring
nexnest/models/group.py:17: [C0103(invalid-name), Group] Invalid class attribute name "id"
nexnest/models/group.py:17: [E1101(no-member), Group] Instance of 'SQLAlchemy' has no 'Column' member
nexnest/models/group.py:17: [E1101(no-member), Group] Instance of 'SQLAlchemy' has no 'Integer' member
nexnest/models/group.py:18: [E1101(no-member), Group] Instance of 'SQLAlchemy' has no 'Column' member
nexnest/models/group.py:18: [E1101(no-member), Group] Instance of 'SQLAlchemy' has no 'Text' member
nexnest/models/group.py:19: [E1101(no-member), Group] Instance of 'SQLAlchemy' has no 'Column' member
nexnest/models/group.py:19: [E1101(no-member), Group] Instance of 'SQLAlchemy' has no 'Integer' member
nexnest/models/group.py:19: [E1101(no-member), Group] Instance of 'SQLAlchemy' has no 'ForeignKey' member
nexnest/models/group.py:20: [E1101(no-member), Group] Instance of 'SQLAlchemy' has no 'Column' member
nexnest/models/group.py:20: [E1101(no-member), Group] Instance of 'SQLAlchemy' has no 'Date' member
nexnest/models/group.py:21: [E1101(no-member), Group] Instance of 'SQLAlchemy' has no 'Column' member
nexnest/models/group.py:21: [E1101(no-member), Group] Instance of 'SQLAlchemy' has no 'Date' member
nexnest/models/group.py:22: [E1101(no-member), Group] Instance of 'SQLAlchemy' has no 'Column' member
nexnest/models/group.py:22: [E1101(no-member), Group] Instance of 'SQLAlchemy' has no 'DateTime' member
nexnest/models/group.py:23: [E1101(no-member), Group] Instance of 'SQLAlchemy' has no 'Column' member
nexnest/models/group.py:23: [E1101(no-member), Group] Instance of 'SQLAlchemy' has no 'DateTime' member
nexnest/models/group.py:51: [C0103(invalid-name), Group.addUserToGroup] Invalid method name "addUserToGroup"
nexnest/models/group.py:51: [C0111(missing-docstring), Group.addUserToGroup] Missing method docstring
nexnest/models/group.py:54: [E1101(no-member), Group.addUserToGroup] Instance of 'scoped_session' has no 'query' member
nexnest/models/group.py:58: [C0103(invalid-name), Group.addUserToGroup] Invalid variable name "newGroupUser"
nexnest/models/group.py:59: [E1101(no-member), Group.addUserToGroup] Instance of 'scoped_session' has no 'add' member
nexnest/models/group.py:60: [E1101(no-member), Group.addUserToGroup] Instance of 'scoped_session' has no 'commit' member
nexnest/models/group.py:64: [C0103(invalid-name), Group.removeUser] Invalid method name "removeUser"
nexnest/models/group.py:64: [C0111(missing-docstring), Group.removeUser] Missing method docstring
nexnest/models/group.py:65: [E1101(no-member), Group.removeUser] Instance of 'scoped_session' has no 'query' member
nexnest/models/group.py:64: [W0613(unused-argument), Group.removeUser] Unused argument 'user'
nexnest/models/group.py:64: [R0201(no-self-use), Group.removeUser] Method could be a function
nexnest/models/group.py:68: [C0103(invalid-name), Group.unAcceptedUsers] Invalid attribute name "unAcceptedUsers"
nexnest/models/group.py:68: [C0111(missing-docstring), Group.unAcceptedUsers] Missing method docstring
nexnest/models/group.py:69: [C0103(invalid-name), Group.unAcceptedUsers] Invalid variable name "unAcceptedUsers"
nexnest/models/group.py:70: [C0103(invalid-name), Group.unAcceptedUsers] Invalid variable name "groupUser"
nexnest/models/group.py:71: [C0121(singleton-comparison), Group.unAcceptedUsers] Comparison to False should be 'not expr' or 'expr is False'
nexnest/models/group.py:71: [C0121(singleton-comparison), Group.unAcceptedUsers] Comparison to True should be just 'expr' or 'expr is True'
nexnest/models/group.py:77: [C0103(invalid-name), Group.acceptedUsers] Invalid attribute name "acceptedUsers"
nexnest/models/group.py:77: [C0111(missing-docstring), Group.acceptedUsers] Missing method docstring
nexnest/models/group.py:78: [C0103(invalid-name), Group.acceptedUsers] Invalid variable name "acceptedUsers"
nexnest/models/group.py:79: [C0103(invalid-name), Group.acceptedUsers] Invalid variable name "groupUser"
nexnest/models/group.py:80: [C0121(singleton-comparison), Group.acceptedUsers] Comparison to True should be just 'expr' or 'expr is True'
nexnest/models/group.py:86: [C0103(invalid-name), Group.suggestedListings] Invalid attribute name "suggestedListings"
nexnest/models/group.py:86: [C0111(missing-docstring), Group.suggestedListings] Missing method docstring
nexnest/models/group.py:87: [C0103(invalid-name), Group.suggestedListings] Invalid variable name "suggestedListings"
nexnest/models/group.py:88: [C0103(invalid-name), Group.suggestedListings] Invalid variable name "groupListing"
nexnest/models/group.py:89: [C0121(singleton-comparison), Group.suggestedListings] Comparison to True should be just 'expr' or 'expr is True'
nexnest/models/group.py:89: [C0121(singleton-comparison), Group.suggestedListings] Comparison to False should be 'not expr' or 'expr is False'
nexnest/models/group.py:93: [C0103(invalid-name), Group.getUsers] Invalid method name "getUsers"
nexnest/models/group.py:93: [C0111(missing-docstring), Group.getUsers] Missing method docstring
nexnest/models/group.py:95: [C0103(invalid-name), Group.getUsers] Invalid variable name "groupUser"
nexnest/models/group.py:101: [C0103(invalid-name), Group.isEditableBy] Invalid method name "isEditableBy"
nexnest/models/group.py:101: [C0111(missing-docstring), Group.isEditableBy] Missing method docstring
nexnest/models/group.py:108: [C0103(invalid-name), Group.hasTourForListing] Invalid method name "hasTourForListing"
nexnest/models/group.py:108: [C0111(missing-docstring), Group.hasTourForListing] Missing method docstring
nexnest/models/group.py:116: [C0111(missing-docstring), update_date_modified] Missing function docstring
nexnest/models/group.py:116: [W0613(unused-argument), update_date_modified] Unused argument 'mapper'
nexnest/models/group.py:116: [W0613(unused-argument), update_date_modified] Unused argument 'connection'
nexnest/models/group.py:9: [C0411(wrong-import-order), ] external import "from sqlalchemy import event" comes before "from .base import Base"
nexnest/models/group.py:10: [C0411(wrong-import-order), ] external import "from sqlalchemy.orm import relationship" comes before "from .base import Base"
************* Module nexnest.models.school_user
nexnest/models/school_user.py:1: [C0111(missing-docstring), ] Missing module docstring
nexnest/models/school_user.py:7: [C0111(missing-docstring), SchoolUser] Missing class docstring
nexnest/models/school_user.py:9: [E1101(no-member), SchoolUser] Instance of 'SQLAlchemy' has no 'Column' member
nexnest/models/school_user.py:9: [E1101(no-member), SchoolUser] Instance of 'SQLAlchemy' has no 'Integer' member
nexnest/models/school_user.py:10: [E1101(no-member), SchoolUser] Instance of 'SQLAlchemy' has no 'ForeignKey' member
nexnest/models/school_user.py:13: [E1101(no-member), SchoolUser] Instance of 'SQLAlchemy' has no 'Column' member
nexnest/models/school_user.py:13: [E1101(no-member), SchoolUser] Instance of 'SQLAlchemy' has no 'Integer' member
nexnest/models/school_user.py:14: [E1101(no-member), SchoolUser] Instance of 'SQLAlchemy' has no 'ForeignKey' member
nexnest/models/school_user.py:7: [R0903(too-few-public-methods), SchoolUser] Too few public methods (0/2)
************* Module nexnest.models.platform_report
nexnest/models/platform_report.py:1: [C0111(missing-docstring), ] Missing module docstring
nexnest/models/platform_report.py:7: [C0111(missing-docstring), PlatformReport] Missing class docstring
nexnest/models/platform_report.py:9: [C0103(invalid-name), PlatformReport] Invalid class attribute name "id"
nexnest/models/platform_report.py:9: [E1101(no-member), PlatformReport] Instance of 'SQLAlchemy' has no 'Column' member
nexnest/models/platform_report.py:9: [E1101(no-member), PlatformReport] Instance of 'SQLAlchemy' has no 'Integer' member
nexnest/models/platform_report.py:10: [E1101(no-member), PlatformReport] Instance of 'SQLAlchemy' has no 'Column' member
nexnest/models/platform_report.py:10: [E1101(no-member), PlatformReport] Instance of 'SQLAlchemy' has no 'Text' member
nexnest/models/platform_report.py:11: [E1101(no-member), PlatformReport] Instance of 'SQLAlchemy' has no 'Column' member
nexnest/models/platform_report.py:11: [E1101(no-member), PlatformReport] Instance of 'SQLAlchemy' has no 'Text' member
nexnest/models/platform_report.py:12: [E1101(no-member), PlatformReport] Instance of 'SQLAlchemy' has no 'Column' member
nexnest/models/platform_report.py:12: [E1101(no-member), PlatformReport] Instance of 'SQLAlchemy' has no 'Integer' member
nexnest/models/platform_report.py:12: [E1101(no-member), PlatformReport] Instance of 'SQLAlchemy' has no 'ForeignKey' member
nexnest/models/platform_report.py:7: [R0903(too-few-public-methods), PlatformReport] Too few public methods (0/2)
************* Module nexnest.models.maintenance
nexnest/models/maintenance.py:1: [C0111(missing-docstring), ] Missing module docstring
nexnest/models/maintenance.py:11: [C0111(missing-docstring), Maintenance] Missing class docstring
nexnest/models/maintenance.py:13: [C0103(invalid-name), Maintenance] Invalid class attribute name "id"
nexnest/models/maintenance.py:13: [E1101(no-member), Maintenance] Instance of 'SQLAlchemy' has no 'Column' member
nexnest/models/maintenance.py:13: [E1101(no-member), Maintenance] Instance of 'SQLAlchemy' has no 'Integer' member
nexnest/models/maintenance.py:14: [E1101(no-member), Maintenance] Instance of 'SQLAlchemy' has no 'Column' member
nexnest/models/maintenance.py:14: [E1101(no-member), Maintenance] Instance of 'SQLAlchemy' has no 'String' member
nexnest/models/maintenance.py:15: [E1101(no-member), Maintenance] Instance of 'SQLAlchemy' has no 'Column' member
nexnest/models/maintenance.py:15: [E1101(no-member), Maintenance] Instance of 'SQLAlchemy' has no 'String' member
nexnest/models/maintenance.py:16: [E1101(no-member), Maintenance] Instance of 'SQLAlchemy' has no 'Column' member
nexnest/models/maintenance.py:16: [E1101(no-member), Maintenance] Instance of 'SQLAlchemy' has no 'Text' member
nexnest/models/maintenance.py:17: [E1101(no-member), Maintenance] Instance of 'SQLAlchemy' has no 'Column' member
nexnest/models/maintenance.py:17: [E1101(no-member), Maintenance] Instance of 'SQLAlchemy' has no 'Integer' member
nexnest/models/maintenance.py:17: [E1101(no-member), Maintenance] Instance of 'SQLAlchemy' has no 'ForeignKey' member
nexnest/models/maintenance.py:18: [E1101(no-member), Maintenance] Instance of 'SQLAlchemy' has no 'Column' member
nexnest/models/maintenance.py:18: [E1101(no-member), Maintenance] Instance of 'SQLAlchemy' has no 'DateTime' member
nexnest/models/maintenance.py:19: [E1101(no-member), Maintenance] Instance of 'SQLAlchemy' has no 'Column' member
nexnest/models/maintenance.py:19: [E1101(no-member), Maintenance] Instance of 'SQLAlchemy' has no 'DateTime' member
nexnest/models/maintenance.py:11: [R0903(too-few-public-methods), Maintenance] Too few public methods (0/2)
nexnest/models/maintenance.py:42: [C0111(missing-docstring), update_date_modified] Missing function docstring
nexnest/models/maintenance.py:42: [W0613(unused-argument), update_date_modified] Unused argument 'mapper'
nexnest/models/maintenance.py:42: [W0613(unused-argument), update_date_modified] Unused argument 'connection'
nexnest/models/maintenance.py:7: [C0411(wrong-import-order), ] external import "from sqlalchemy import event" comes before "from .base import Base"
************* Module nexnest.models.report_group
nexnest/models/report_group.py:1: [C0111(missing-docstring), ] Missing module docstring
nexnest/models/report_group.py:7: [C0111(missing-docstring), ReportGroup] Missing class docstring
nexnest/models/report_group.py:9: [E1101(no-member), ReportGroup] Instance of 'SQLAlchemy' has no 'Column' member
nexnest/models/report_group.py:9: [E1101(no-member), ReportGroup] Instance of 'SQLAlchemy' has no 'Integer' member
nexnest/models/report_group.py:10: [E1101(no-member), ReportGroup] Instance of 'SQLAlchemy' has no 'ForeignKey' member
nexnest/models/report_group.py:12: [E1101(no-member), ReportGroup] Instance of 'SQLAlchemy' has no 'Column' member
nexnest/models/report_group.py:12: [E1101(no-member), ReportGroup] Instance of 'SQLAlchemy' has no 'Integer' member
nexnest/models/report_group.py:13: [E1101(no-member), ReportGroup] Instance of 'SQLAlchemy' has no 'ForeignKey' member
nexnest/models/report_group.py:7: [R0903(too-few-public-methods), ReportGroup] Too few public methods (0/2)
************* Module nexnest.models.listing
nexnest/models/listing.py:1: [C0111(missing-docstring), ] Missing module docstring
nexnest/models/listing.py:13: [C0111(missing-docstring), Listing] Missing class docstring
nexnest/models/listing.py:13: [R0902(too-many-instance-attributes), Listing] Too many instance attributes (35/7)
nexnest/models/listing.py:15: [C0103(invalid-name), Listing] Invalid class attribute name "id"
nexnest/models/listing.py:15: [E1101(no-member), Listing] Instance of 'SQLAlchemy' has no 'Column' member
nexnest/models/listing.py:15: [E1101(no-member), Listing] Instance of 'SQLAlchemy' has no 'Integer' member
nexnest/models/listing.py:16: [E1101(no-member), Listing] Instance of 'SQLAlchemy' has no 'Column' member
nexnest/models/listing.py:16: [E1101(no-member), Listing] Instance of 'SQLAlchemy' has no 'Text' member
nexnest/models/listing.py:17: [E1101(no-member), Listing] Instance of 'SQLAlchemy' has no 'Column' member
nexnest/models/listing.py:17: [E1101(no-member), Listing] Instance of 'SQLAlchemy' has no 'Text' member
nexnest/models/listing.py:18: [E1101(no-member), Listing] Instance of 'SQLAlchemy' has no 'Column' member
nexnest/models/listing.py:18: [E1101(no-member), Listing] Instance of 'SQLAlchemy' has no 'String' member
nexnest/models/listing.py:19: [E1101(no-member), Listing] Instance of 'SQLAlchemy' has no 'Column' member
nexnest/models/listing.py:19: [E1101(no-member), Listing] Instance of 'SQLAlchemy' has no 'String' member
nexnest/models/listing.py:20: [E1101(no-member), Listing] Instance of 'SQLAlchemy' has no 'Column' member
nexnest/models/listing.py:20: [E1101(no-member), Listing] Instance of 'SQLAlchemy' has no 'Date' member
nexnest/models/listing.py:21: [E1101(no-member), Listing] Instance of 'SQLAlchemy' has no 'Column' member
nexnest/models/listing.py:21: [E1101(no-member), Listing] Instance of 'SQLAlchemy' has no 'Date' member
nexnest/models/listing.py:22: [E1101(no-member), Listing] Instance of 'SQLAlchemy' has no 'Column' member
nexnest/models/listing.py:22: [E1101(no-member), Listing] Instance of 'SQLAlchemy' has no 'String' member
nexnest/models/listing.py:23: [E1101(no-member), Listing] Instance of 'SQLAlchemy' has no 'Column' member
nexnest/models/listing.py:23: [E1101(no-member), Listing] Instance of 'SQLAlchemy' has no 'Integer' member
nexnest/models/listing.py:24: [E1101(no-member), Listing] Instance of 'SQLAlchemy' has no 'Column' member
nexnest/models/listing.py:24: [E1101(no-member), Listing] Instance of 'SQLAlchemy' has no 'Integer' member
nexnest/models/listing.py:25: [E1101(no-member), Listing] Instance of 'SQLAlchemy' has no 'Column' member
nexnest/models/listing.py:25: [E1101(no-member), Listing] Instance of 'SQLAlchemy' has no 'Integer' member
nexnest/models/listing.py:26: [E1101(no-member), Listing] Instance of 'SQLAlchemy' has no 'Column' member
nexnest/models/listing.py:26: [E1101(no-member), Listing] Instance of 'SQLAlchemy' has no 'String' member
nexnest/models/listing.py:27: [E1101(no-member), Listing] Instance of 'SQLAlchemy' has no 'Column' member
nexnest/models/listing.py:27: [E1101(no-member), Listing] Instance of 'SQLAlchemy' has no 'Boolean' member
nexnest/models/listing.py:28: [E1101(no-member), Listing] Instance of 'SQLAlchemy' has no 'Column' member
nexnest/models/listing.py:28: [E1101(no-member), Listing] Instance of 'SQLAlchemy' has no 'Boolean' member
nexnest/models/listing.py:29: [E1101(no-member), Listing] Instance of 'SQLAlchemy' has no 'Column' member
nexnest/models/listing.py:29: [E1101(no-member), Listing] Instance of 'SQLAlchemy' has no 'Boolean' member
nexnest/models/listing.py:30: [E1101(no-member), Listing] Instance of 'SQLAlchemy' has no 'Column' member
nexnest/models/listing.py:30: [E1101(no-member), Listing] Instance of 'SQLAlchemy' has no 'Boolean' member
nexnest/models/listing.py:31: [E1101(no-member), Listing] Instance of 'SQLAlchemy' has no 'Column' member
nexnest/models/listing.py:31: [E1101(no-member), Listing] Instance of 'SQLAlchemy' has no 'Boolean' member
nexnest/models/listing.py:32: [E1101(no-member), Listing] Instance of 'SQLAlchemy' has no 'Column' member
nexnest/models/listing.py:32: [E1101(no-member), Listing] Instance of 'SQLAlchemy' has no 'Boolean' member
nexnest/models/listing.py:33: [E1101(no-member), Listing] Instance of 'SQLAlchemy' has no 'Column' member
nexnest/models/listing.py:33: [E1101(no-member), Listing] Instance of 'SQLAlchemy' has no 'Boolean' member
nexnest/models/listing.py:34: [E1101(no-member), Listing] Instance of 'SQLAlchemy' has no 'Column' member
nexnest/models/listing.py:34: [E1101(no-member), Listing] Instance of 'SQLAlchemy' has no 'Boolean' member
nexnest/models/listing.py:35: [E1101(no-member), Listing] Instance of 'SQLAlchemy' has no 'Column' member
nexnest/models/listing.py:35: [E1101(no-member), Listing] Instance of 'SQLAlchemy' has no 'Boolean' member
nexnest/models/listing.py:36: [E1101(no-member), Listing] Instance of 'SQLAlchemy' has no 'Column' member
nexnest/models/listing.py:36: [E1101(no-member), Listing] Instance of 'SQLAlchemy' has no 'Boolean' member
nexnest/models/listing.py:37: [E1101(no-member), Listing] Instance of 'SQLAlchemy' has no 'Column' member
nexnest/models/listing.py:37: [E1101(no-member), Listing] Instance of 'SQLAlchemy' has no 'Boolean' member
nexnest/models/listing.py:38: [E1101(no-member), Listing] Instance of 'SQLAlchemy' has no 'Column' member
nexnest/models/listing.py:38: [E1101(no-member), Listing] Instance of 'SQLAlchemy' has no 'Boolean' member
nexnest/models/listing.py:39: [E1101(no-member), Listing] Instance of 'SQLAlchemy' has no 'Column' member
nexnest/models/listing.py:39: [E1101(no-member), Listing] Instance of 'SQLAlchemy' has no 'Boolean' member
nexnest/models/listing.py:40: [E1101(no-member), Listing] Instance of 'SQLAlchemy' has no 'Column' member
nexnest/models/listing.py:40: [E1101(no-member), Listing] Instance of 'SQLAlchemy' has no 'Boolean' member
nexnest/models/listing.py:41: [E1101(no-member), Listing] Instance of 'SQLAlchemy' has no 'Column' member
nexnest/models/listing.py:41: [E1101(no-member), Listing] Instance of 'SQLAlchemy' has no 'Text' member
nexnest/models/listing.py:42: [E1101(no-member), Listing] Instance of 'SQLAlchemy' has no 'Column' member
nexnest/models/listing.py:42: [E1101(no-member), Listing] Instance of 'SQLAlchemy' has no 'Integer' member
nexnest/models/listing.py:43: [E1101(no-member), Listing] Instance of 'SQLAlchemy' has no 'Column' member
nexnest/models/listing.py:43: [E1101(no-member), Listing] Instance of 'SQLAlchemy' has no 'Integer' member
nexnest/models/listing.py:44: [E1101(no-member), Listing] Instance of 'SQLAlchemy' has no 'Column' member
nexnest/models/listing.py:44: [E1101(no-member), Listing] Instance of 'SQLAlchemy' has no 'String' member
nexnest/models/listing.py:45: [E1101(no-member), Listing] Instance of 'SQLAlchemy' has no 'Column' member
nexnest/models/listing.py:45: [E1101(no-member), Listing] Instance of 'SQLAlchemy' has no 'Integer' member
nexnest/models/listing.py:46: [E1101(no-member), Listing] Instance of 'SQLAlchemy' has no 'Column' member
nexnest/models/listing.py:46: [E1101(no-member), Listing] Instance of 'SQLAlchemy' has no 'Boolean' member
nexnest/models/listing.py:52: [E1101(no-member), Listing] Instance of 'SQLAlchemy' has no 'Column' member
nexnest/models/listing.py:52: [E1101(no-member), Listing] Instance of 'SQLAlchemy' has no 'Boolean' member
nexnest/models/listing.py:56: [E1101(no-member), Listing] Instance of 'SQLAlchemy' has no 'Column' member
nexnest/models/listing.py:56: [E1101(no-member), Listing] Instance of 'SQLAlchemy' has no 'Boolean' member
nexnest/models/listing.py:58: [E1101(no-member), Listing] Instance of 'SQLAlchemy' has no 'Column' member
nexnest/models/listing.py:58: [E1101(no-member), Listing] Instance of 'SQLAlchemy' has no 'DateTime' member
nexnest/models/listing.py:59: [E1101(no-member), Listing] Instance of 'SQLAlchemy' has no 'Column' member
nexnest/models/listing.py:59: [E1101(no-member), Listing] Instance of 'SQLAlchemy' has no 'DateTime' member
nexnest/models/listing.py:65: [R0913(too-many-arguments), Listing.__init__] Too many arguments (31/5)
nexnest/models/listing.py:65: [R0914(too-many-locals), Listing.__init__] Too many local variables (32/15)
nexnest/models/listing.py:140: [C0103(invalid-name), Listing.landLords] Invalid method name "landLords"
nexnest/models/listing.py:140: [C0111(missing-docstring), Listing.landLords] Missing method docstring
nexnest/models/listing.py:143: [C0103(invalid-name), Listing.landLords] Invalid variable name "landlordListing"
nexnest/models/listing.py:148: [C0103(invalid-name), Listing.landLordsAsUsers] Invalid method name "landLordsAsUsers"
nexnest/models/listing.py:148: [C0111(missing-docstring), Listing.landLordsAsUsers] Missing method docstring
nexnest/models/listing.py:151: [C0103(invalid-name), Listing.landLordsAsUsers] Invalid variable name "landlordListing"
nexnest/models/listing.py:157: [C0111(missing-docstring), update_date_modified] Missing function docstring
nexnest/models/listing.py:157: [W0613(unused-argument), update_date_modified] Unused argument 'mapper'
nexnest/models/listing.py:157: [W0613(unused-argument), update_date_modified] Unused argument 'connection'
nexnest/models/listing.py:7: [C0411(wrong-import-order), ] external import "from sqlalchemy import event" comes before "from .base import Base"
nexnest/models/listing.py:9: [C0411(wrong-import-order), ] external import "from sqlalchemy.orm import relationship" comes before "from .base import Base"
************* Module nexnest.models.report_landlord
nexnest/models/report_landlord.py:1: [C0111(missing-docstring), ] Missing module docstring
nexnest/models/report_landlord.py:7: [C0111(missing-docstring), ReportLandlord] Missing class docstring
nexnest/models/report_landlord.py:9: [E1101(no-member), ReportLandlord] Instance of 'SQLAlchemy' has no 'Column' member
nexnest/models/report_landlord.py:9: [E1101(no-member), ReportLandlord] Instance of 'SQLAlchemy' has no 'Integer' member
nexnest/models/report_landlord.py:10: [E1101(no-member), ReportLandlord] Instance of 'SQLAlchemy' has no 'ForeignKey' member
nexnest/models/report_landlord.py:12: [E1101(no-member), ReportLandlord] Instance of 'SQLAlchemy' has no 'Column' member
nexnest/models/report_landlord.py:12: [E1101(no-member), ReportLandlord] Instance of 'SQLAlchemy' has no 'Integer' member
nexnest/models/report_landlord.py:13: [E1101(no-member), ReportLandlord] Instance of 'SQLAlchemy' has no 'ForeignKey' member
nexnest/models/report_landlord.py:7: [R0903(too-few-public-methods), ReportLandlord] Too few public methods (0/2)
************* Module nexnest.models.report_listing
nexnest/models/report_listing.py:1: [C0111(missing-docstring), ] Missing module docstring
nexnest/models/report_listing.py:7: [C0111(missing-docstring), ReportListing] Missing class docstring
nexnest/models/report_listing.py:9: [E1101(no-member), ReportListing] Instance of 'SQLAlchemy' has no 'Column' member
nexnest/models/report_listing.py:9: [E1101(no-member), ReportListing] Instance of 'SQLAlchemy' has no 'Integer' member
nexnest/models/report_listing.py:10: [E1101(no-member), ReportListing] Instance of 'SQLAlchemy' has no 'ForeignKey' member
nexnest/models/report_listing.py:12: [E1101(no-member), ReportListing] Instance of 'SQLAlchemy' has no 'Column' member
nexnest/models/report_listing.py:12: [E1101(no-member), ReportListing] Instance of 'SQLAlchemy' has no 'Integer' member
nexnest/models/report_listing.py:13: [E1101(no-member), ReportListing] Instance of 'SQLAlchemy' has no 'ForeignKey' member
nexnest/models/report_listing.py:7: [R0903(too-few-public-methods), ReportListing] Too few public methods (0/2)
************* Module nexnest.static.dataSets
nexnest/static/dataSets.py:84: [C0304(missing-final-newline), ] Final newline missing
nexnest/static/dataSets.py:1: [C0103(invalid-name), ] Invalid module name "dataSets"
nexnest/static/dataSets.py:1: [C0111(missing-docstring), ] Missing module docstring
nexnest/static/dataSets.py:1: [C0103(invalid-name), ] Invalid constant name "valid_time_frames"
nexnest/static/dataSets.py:8: [C0103(invalid-name), ] Invalid constant name "yesNo"
nexnest/static/dataSets.py:13: [C0103(invalid-name), ] Invalid constant name "valid_parking_types"
nexnest/static/dataSets.py:19: [C0103(invalid-name), ] Invalid constant name "valid_unit_types"
nexnest/static/dataSets.py:26: [C0103(invalid-name), ] Invalid constant name "valid_time_periods"
nexnest/static/dataSets.py:33: [C0103(invalid-name), ] Invalid constant name "states"
************* Module nexnest.data_gen.dummy_data
nexnest/data_gen/dummy_data.py:3: [C0301(line-too-long), ] Line too long (251/100)
nexnest/data_gen/dummy_data.py:1: [C0111(missing-docstring), ] Missing module docstring
nexnest/data_gen/dummy_data.py:6: [C0103(invalid-name), ] Invalid constant name "s"
nexnest/data_gen/dummy_data.py:7: [E1101(no-member), ] Instance of 'scoped_session' has no 'commit' member
nexnest/data_gen/dummy_data.py:10: [C0103(invalid-name), ] Invalid constant name "landlord"
nexnest/data_gen/dummy_data.py:11: [C0103(invalid-name), ] Invalid constant name "user2"
nexnest/data_gen/dummy_data.py:12: [C0103(invalid-name), ] Invalid constant name "user3"
nexnest/data_gen/dummy_data.py:13: [C0103(invalid-name), ] Invalid constant name "user4"
nexnest/data_gen/dummy_data.py:14: [C0103(invalid-name), ] Invalid constant name "user5"
nexnest/data_gen/dummy_data.py:15: [C0103(invalid-name), ] Invalid constant name "user6"
nexnest/data_gen/dummy_data.py:16: [C0103(invalid-name), ] Invalid constant name "user7"
nexnest/data_gen/dummy_data.py:17: [C0103(invalid-name), ] Invalid constant name "user8"
nexnest/data_gen/dummy_data.py:19: [E1101(no-member), ] Instance of 'scoped_session' has no 'commit' member
nexnest/data_gen/dummy_data.py:22: [C0103(invalid-name), ] Invalid constant name "landlord1"
nexnest/data_gen/dummy_data.py:24: [E1101(no-member), ] Instance of 'scoped_session' has no 'commit' member
nexnest/data_gen/dummy_data.py:27: [C0103(invalid-name), ] Invalid constant name "listing1"
nexnest/data_gen/dummy_data.py:28: [C0103(invalid-name), ] Invalid constant name "listing2"
nexnest/data_gen/dummy_data.py:29: [C0103(invalid-name), ] Invalid constant name "listing3"
nexnest/data_gen/dummy_data.py:30: [C0103(invalid-name), ] Invalid constant name "listing4"
nexnest/data_gen/dummy_data.py:32: [E1101(no-member), ] Instance of 'scoped_session' has no 'commit' member
nexnest/data_gen/dummy_data.py:35: [C0103(invalid-name), ] Invalid constant name "landlordListing1"
nexnest/data_gen/dummy_data.py:36: [C0103(invalid-name), ] Invalid constant name "landlordListing2"
nexnest/data_gen/dummy_data.py:37: [C0103(invalid-name), ] Invalid constant name "landlordListing3"
nexnest/data_gen/dummy_data.py:38: [C0103(invalid-name), ] Invalid constant name "landlordListing4"
nexnest/data_gen/dummy_data.py:40: [E1101(no-member), ] Instance of 'scoped_session' has no 'commit' member
nexnest/data_gen/dummy_data.py:43: [C0103(invalid-name), ] Invalid constant name "group1"
nexnest/data_gen/dummy_data.py:44: [C0103(invalid-name), ] Invalid constant name "group2"
nexnest/data_gen/dummy_data.py:45: [C0103(invalid-name), ] Invalid constant name "group3"
nexnest/data_gen/dummy_data.py:47: [E1101(no-member), ] Instance of 'scoped_session' has no 'commit' member
nexnest/data_gen/dummy_data.py:52: [C0103(invalid-name), ] Invalid constant name "groupuser1"
nexnest/data_gen/dummy_data.py:53: [C0103(invalid-name), ] Invalid constant name "groupuser2"
nexnest/data_gen/dummy_data.py:54: [C0103(invalid-name), ] Invalid constant name "groupuser3"
nexnest/data_gen/dummy_data.py:55: [C0103(invalid-name), ] Invalid constant name "groupuser4"
nexnest/data_gen/dummy_data.py:58: [C0103(invalid-name), ] Invalid constant name "groupuser5"
nexnest/data_gen/dummy_data.py:59: [C0103(invalid-name), ] Invalid constant name "groupuser6"
nexnest/data_gen/dummy_data.py:62: [C0103(invalid-name), ] Invalid constant name "groupuser7"
nexnest/data_gen/dummy_data.py:63: [C0103(invalid-name), ] Invalid constant name "groupuser8"
nexnest/data_gen/dummy_data.py:64: [C0103(invalid-name), ] Invalid constant name "groupuser9"
nexnest/data_gen/dummy_data.py:65: [C0103(invalid-name), ] Invalid constant name "groupuser10"
nexnest/data_gen/dummy_data.py:66: [C0103(invalid-name), ] Invalid constant name "groupuser11"
nexnest/data_gen/dummy_data.py:80: [E1101(no-member), ] Instance of 'scoped_session' has no 'commit' member
nexnest/data_gen/dummy_data.py:83: [C0103(invalid-name), ] Invalid constant name "groupListing"
nexnest/data_gen/dummy_data.py:85: [E1101(no-member), ] Instance of 'scoped_session' has no 'commit' member
nexnest/data_gen/dummy_data.py:88: [C0103(invalid-name), ] Invalid constant name "gmsg1"
nexnest/data_gen/dummy_data.py:89: [C0103(invalid-name), ] Invalid constant name "gmsg2"
nexnest/data_gen/dummy_data.py:90: [C0103(invalid-name), ] Invalid constant name "gmsg3"
nexnest/data_gen/dummy_data.py:91: [C0103(invalid-name), ] Invalid constant name "gmsg4"
nexnest/data_gen/dummy_data.py:92: [C0103(invalid-name), ] Invalid constant name "gmsg5"
nexnest/data_gen/dummy_data.py:93: [C0103(invalid-name), ] Invalid constant name "gmsg6"
nexnest/data_gen/dummy_data.py:95: [E1101(no-member), ] Instance of 'scoped_session' has no 'commit' member
nexnest/data_gen/dummy_data.py:98: [C0103(invalid-name), ] Invalid constant name "dm1"
nexnest/data_gen/dummy_data.py:99: [C0103(invalid-name), ] Invalid constant name "dm2"
nexnest/data_gen/dummy_data.py:100: [C0103(invalid-name), ] Invalid constant name "dm3"
nexnest/data_gen/dummy_data.py:101: [C0103(invalid-name), ] Invalid constant name "dm4"
nexnest/data_gen/dummy_data.py:102: [C0103(invalid-name), ] Invalid constant name "dm5"
nexnest/data_gen/dummy_data.py:103: [C0103(invalid-name), ] Invalid constant name "dm6"
nexnest/data_gen/dummy_data.py:104: [C0103(invalid-name), ] Invalid constant name "dm6"
nexnest/data_gen/dummy_data.py:106: [E1101(no-member), ] Instance of 'scoped_session' has no 'commit' member
nexnest/data_gen/dummy_data.py:109: [C0103(invalid-name), ] Invalid constant name "t1"
nexnest/data_gen/dummy_data.py:110: [C0103(invalid-name), ] Invalid constant name "t2"
nexnest/data_gen/dummy_data.py:111: [C0103(invalid-name), ] Invalid constant name "t3"
nexnest/data_gen/dummy_data.py:113: [E1101(no-member), ] Instance of 'scoped_session' has no 'commit' member
nexnest/data_gen/dummy_data.py:117: [C0103(invalid-name), ] Invalid constant name "tm1"
nexnest/data_gen/dummy_data.py:118: [C0103(invalid-name), ] Invalid constant name "tm2"
nexnest/data_gen/dummy_data.py:119: [C0103(invalid-name), ] Invalid constant name "tm3"
nexnest/data_gen/dummy_data.py:120: [C0103(invalid-name), ] Invalid constant name "tm4"
nexnest/data_gen/dummy_data.py:121: [C0103(invalid-name), ] Invalid constant name "tm1"
nexnest/data_gen/dummy_data.py:122: [C0103(invalid-name), ] Invalid constant name "tm1"
nexnest/data_gen/dummy_data.py:123: [C0103(invalid-name), ] Invalid constant name "tm1"
nexnest/data_gen/dummy_data.py:125: [E1101(no-member), ] Instance of 'scoped_session' has no 'commit' member
************* Module nexnest.data_gen.factories
nexnest/data_gen/factories.py:1: [C0111(missing-docstring), ] Missing module docstring
nexnest/data_gen/factories.py:22: [C0103(invalid-name), ] Invalid constant name "fake"
nexnest/data_gen/factories.py:25: [C0111(missing-docstring), SchoolFactory] Missing class docstring
nexnest/data_gen/factories.py:26: [C0111(missing-docstring), SchoolFactory.Meta] Missing class docstring
nexnest/data_gen/factories.py:26: [R0903(too-few-public-methods), SchoolFactory.Meta] Too few public methods (0/2)
nexnest/data_gen/factories.py:25: [R0903(too-few-public-methods), SchoolFactory] Too few public methods (0/2)
nexnest/data_gen/factories.py:38: [C0111(missing-docstring), UserFactory] Missing class docstring
nexnest/data_gen/factories.py:39: [C0111(missing-docstring), UserFactory.Meta] Missing class docstring
nexnest/data_gen/factories.py:39: [R0903(too-few-public-methods), UserFactory.Meta] Too few public methods (0/2)
nexnest/data_gen/factories.py:38: [R0903(too-few-public-methods), UserFactory] Too few public methods (0/2)
nexnest/data_gen/factories.py:50: [C0111(missing-docstring), ListingFactory] Missing class docstring
nexnest/data_gen/factories.py:51: [C0111(missing-docstring), ListingFactory.Meta] Missing class docstring
nexnest/data_gen/factories.py:51: [R0903(too-few-public-methods), ListingFactory.Meta] Too few public methods (0/2)
nexnest/data_gen/factories.py:50: [R0903(too-few-public-methods), ListingFactory] Too few public methods (0/2)
nexnest/data_gen/factories.py:87: [C0111(missing-docstring), LandlordFactory] Missing class docstring
nexnest/data_gen/factories.py:88: [C0111(missing-docstring), LandlordFactory.Meta] Missing class docstring
nexnest/data_gen/factories.py:88: [R0903(too-few-public-methods), LandlordFactory.Meta] Too few public methods (0/2)
nexnest/data_gen/factories.py:87: [R0903(too-few-public-methods), LandlordFactory] Too few public methods (0/2)
nexnest/data_gen/factories.py:101: [C0111(missing-docstring), LandlordListingFactory] Missing class docstring
nexnest/data_gen/factories.py:102: [C0111(missing-docstring), LandlordListingFactory.Meta] Missing class docstring
nexnest/data_gen/factories.py:102: [R0903(too-few-public-methods), LandlordListingFactory.Meta] Too few public methods (0/2)
nexnest/data_gen/factories.py:101: [R0903(too-few-public-methods), LandlordListingFactory] Too few public methods (0/2)
nexnest/data_gen/factories.py:110: [C0111(missing-docstring), GroupFactory] Missing class docstring
nexnest/data_gen/factories.py:111: [C0111(missing-docstring), GroupFactory.Meta] Missing class docstring
nexnest/data_gen/factories.py:111: [R0903(too-few-public-methods), GroupFactory.Meta] Too few public methods (0/2)
nexnest/data_gen/factories.py:110: [R0903(too-few-public-methods), GroupFactory] Too few public methods (0/2)
nexnest/data_gen/factories.py:123: [C0111(missing-docstring), GroupUserFactory] Missing class docstring
nexnest/data_gen/factories.py:124: [C0111(missing-docstring), GroupUserFactory.Meta] Missing class docstring
nexnest/data_gen/factories.py:124: [R0903(too-few-public-methods), GroupUserFactory.Meta] Too few public methods (0/2)
nexnest/data_gen/factories.py:123: [R0903(too-few-public-methods), GroupUserFactory] Too few public methods (0/2)
nexnest/data_gen/factories.py:132: [C0111(missing-docstring), GroupListingFactory] Missing class docstring
nexnest/data_gen/factories.py:133: [C0111(missing-docstring), GroupListingFactory.Meta] Missing class docstring
nexnest/data_gen/factories.py:133: [R0903(too-few-public-methods), GroupListingFactory.Meta] Too few public methods (0/2)
nexnest/data_gen/factories.py:132: [R0903(too-few-public-methods), GroupListingFactory] Too few public methods (0/2)
nexnest/data_gen/factories.py:142: [C0111(missing-docstring), MessageFactory] Missing class docstring
nexnest/data_gen/factories.py:143: [C0111(missing-docstring), MessageFactory.Meta] Missing class docstring
nexnest/data_gen/factories.py:143: [R0903(too-few-public-methods), MessageFactory.Meta] Too few public methods (0/2)
nexnest/data_gen/factories.py:142: [R0903(too-few-public-methods), MessageFactory] Too few public methods (0/2)
nexnest/data_gen/factories.py:151: [C0111(missing-docstring), GroupMessageFactory] Missing class docstring
nexnest/data_gen/factories.py:152: [C0111(missing-docstring), GroupMessageFactory.Meta] Missing class docstring
nexnest/data_gen/factories.py:152: [R0903(too-few-public-methods), GroupMessageFactory.Meta] Too few public methods (0/2)
nexnest/data_gen/factories.py:151: [R0903(too-few-public-methods), GroupMessageFactory] Too few public methods (0/2)
nexnest/data_gen/factories.py:161: [C0111(missing-docstring), DirectMessageFactory] Missing class docstring
nexnest/data_gen/factories.py:162: [C0111(missing-docstring), DirectMessageFactory.Meta] Missing class docstring
nexnest/data_gen/factories.py:162: [R0903(too-few-public-methods), DirectMessageFactory.Meta] Too few public methods (0/2)
nexnest/data_gen/factories.py:161: [R0903(too-few-public-methods), DirectMessageFactory] Too few public methods (0/2)
nexnest/data_gen/factories.py:171: [C0111(missing-docstring), TourFactory] Missing class docstring
nexnest/data_gen/factories.py:172: [C0111(missing-docstring), TourFactory.Meta] Missing class docstring
nexnest/data_gen/factories.py:172: [R0903(too-few-public-methods), TourFactory.Meta] Too few public methods (0/2)
nexnest/data_gen/factories.py:171: [R0903(too-few-public-methods), TourFactory] Too few public methods (0/2)
nexnest/data_gen/factories.py:181: [C0111(missing-docstring), TourMessageFactory] Missing class docstring
nexnest/data_gen/factories.py:182: [C0111(missing-docstring), TourMessageFactory.Meta] Missing class docstring
nexnest/data_gen/factories.py:182: [R0903(too-few-public-methods), TourMessageFactory.Meta] Too few public methods (0/2)
nexnest/data_gen/factories.py:181: [R0903(too-few-public-methods), TourMessageFactory] Too few public methods (0/2)
nexnest/data_gen/factories.py:20: [C0411(wrong-import-order), ] standard import "from datetime import date" comes before "from nexnest.application import session"
************* Module nexnest.data_gen.school_gen
nexnest/data_gen/school_gen.py:1: [C0111(missing-docstring), ] Missing module docstring
nexnest/data_gen/school_gen.py:6: [C0103(invalid-name), ] Invalid constant name "fredonia"
nexnest/data_gen/school_gen.py:14: [C0103(invalid-name), ] Invalid constant name "marist"
nexnest/data_gen/school_gen.py:23: [E1101(no-member), ] Instance of 'scoped_session' has no 'add' member
nexnest/data_gen/school_gen.py:24: [E1101(no-member), ] Instance of 'scoped_session' has no 'add' member
nexnest/data_gen/school_gen.py:26: [E1101(no-member), ] Instance of 'scoped_session' has no 'commit' member
nexnest/data_gen/school_gen.py:1: [R0401(cyclic-import), ] Cyclic import (nexnest.application -> nexnest.models.listing)
nexnest/data_gen/school_gen.py:1: [R0401(cyclic-import), ] Cyclic import (nexnest.application -> nexnest.models.group_listing)
nexnest/data_gen/school_gen.py:1: [R0401(cyclic-import), ] Cyclic import (nexnest.application -> nexnest.models.user -> nexnest.models.group_listing)
nexnest/data_gen/school_gen.py:1: [R0401(cyclic-import), ] Cyclic import (nexnest.application -> nexnest.models.message)
nexnest/data_gen/school_gen.py:1: [R0401(cyclic-import), ] Cyclic import (nexnest.application -> nexnest.models.user -> nexnest.models.group_user)
nexnest/data_gen/school_gen.py:1: [R0401(cyclic-import), ] Cyclic import (nexnest.application -> nexnest.models.user -> nexnest.models.group -> nexnest.models.group_user)
nexnest/data_gen/school_gen.py:1: [R0401(cyclic-import), ] Cyclic import (nexnest.application -> nexnest.models.user -> nexnest.models.landlord)
nexnest/data_gen/school_gen.py:1: [R0401(cyclic-import), ] Cyclic import (nexnest.application -> nexnest.models.school)
nexnest/data_gen/school_gen.py:1: [R0401(cyclic-import), ] Cyclic import (nexnest.application -> nexnest.models.direct_message -> nexnest.models.message)
nexnest/data_gen/school_gen.py:1: [R0401(cyclic-import), ] Cyclic import (nexnest.application -> nexnest.models.group_message -> nexnest.models.message)
nexnest/data_gen/school_gen.py:1: [R0801(duplicate-code), ] Similar lines in 2 files
==nexnest.models.direct_message:8
==nexnest.models.friend:9
    source_user_id = db.Column(db.Integer,
                               db.ForeignKey('users.id'),
                               primary_key=True)
    target_user_id = db.Column(db.Integer,
                               db.ForeignKey('users.id'),
                               primary_key=True)
nexnest/data_gen/school_gen.py:1: [R0801(duplicate-code), ] Similar lines in 2 files
==nexnest.models.group_message:25
==nexnest.models.tour_message:28
    ):
        super().__init__(
            content=content,
            user=user
        )

nexnest/data_gen/school_gen.py:1: [R0801(duplicate-code), ] Similar lines in 3 files
==nexnest.models.direct_message:13
==nexnest.models.group_message:10
==nexnest.models.tour_message:14
                         primary_key=True)
    message_id = db.Column(db.Integer,
                           db.ForeignKey('messages.id'),
                           primary_key=True)

    __mapper_args__ = {


Report
======
1080 statements analysed.

Statistics by type
------------------

+---------+-------+-----------+-----------+------------+---------+
|type     |number |old number |difference |%documented |%badname |
+=========+=======+===========+===========+============+=========+
|module   |35     |NC         |NC         |11.43       |2.86     |
+---------+-------+-----------+-----------+------------+---------+
|class    |64     |NC         |NC         |0.00        |0.00     |
+---------+-------+-----------+-----------+------------+---------+
|method   |74     |NC         |NC         |64.86       |13.51    |
+---------+-------+-----------+-----------+------------+---------+
|function |11     |NC         |NC         |0.00        |0.00     |
+---------+-------+-----------+-----------+------------+---------+



External dependencies
---------------------
::

    dotenv (nexnest.application)
    factory (nexnest.data_gen.factories)
    faker (nexnest.data_gen.factories)
    flask (nexnest.application,nexnest.models.group,nexnest.models.user)
    flask_login (nexnest.application)
    flask_sqlalchemy (nexnest.application)
    flask_wtf (nexnest.forms)
      \-csrf (nexnest.application)
      \-file (nexnest.forms)
    nexnest 
      \-application (nexnest.models.listing,nexnest.models.report_listing,nexnest.models.maintenance_message,nexnest.models.example,nexnest.models.report_landlord,nexnest.models.landlord,nexnest.models.group_user,nexnest.models.school_user,nexnest.models.landlord_listing,nexnest.models.listing_favorite,nexnest.data_gen.dummy_data,nexnest.models.school,nexnest.data_gen.school_gen,nexnest.models.report,nexnest.models.direct_message,nexnest.models.tour,nexnest.models.user,nexnest.models.message,nexnest.models.group,nexnest.models.friend,nexnest.models.maintenance,nexnest.models.tour_message,nexnest.models.group_listing,nexnest.models.platform_report,nexnest.models.report_group,nexnest.data_gen.factories,nexnest.models.group_message)
      \-data_gen 
      | \-factories (nexnest.data_gen.dummy_data)
      \-forms (nexnest.application)
      \-models 
      | \-base (nexnest.models.listing,nexnest.models.report_listing,nexnest.models.maintenance_message,nexnest.models.example,nexnest.models.report_landlord,nexnest.models.landlord,nexnest.models.group_user,nexnest.models.school_user,nexnest.models.landlord_listing,nexnest.models.listing_favorite,nexnest.models.school,nexnest.models.report,nexnest.models.direct_message,nexnest.models.tour,nexnest.models.user,nexnest.models.message,nexnest.models.group,nexnest.models.friend,nexnest.models.maintenance,nexnest.models.tour_message,nexnest.models.group_listing,nexnest.models.platform_report,nexnest.models.report_group)
      | \-direct_message (nexnest.application,nexnest.data_gen.factories)
      | \-group (nexnest.application,nexnest.models.user,nexnest.data_gen.factories)
      | \-group_listing (nexnest.application,nexnest.models.user,nexnest.data_gen.factories)
      | \-group_message (nexnest.application,nexnest.data_gen.factories)
      | \-group_user (nexnest.models.group,nexnest.models.user,nexnest.data_gen.factories)
      | \-landlord (nexnest.models.user,nexnest.data_gen.factories)
      | \-landlord_listing (nexnest.data_gen.factories)
      | \-listing (nexnest.application,nexnest.data_gen.factories)
      | \-message (nexnest.models.direct_message,nexnest.application,nexnest.models.group_message,nexnest.models.tour_message,nexnest.data_gen.factories)
      | \-school (nexnest.application,nexnest.data_gen.school_gen,nexnest.data_gen.factories)
      | \-tour (nexnest.data_gen.factories)
      | \-tour_message (nexnest.data_gen.factories)
      | \-user (nexnest.application,nexnest.data_gen.factories)
      \-static 
        \-dataSets (nexnest.forms)
    sqlalchemy (nexnest.application)
      \-event (nexnest.models.listing,nexnest.models.maintenance,nexnest.models.tour_message,nexnest.models.tour,nexnest.models.message,nexnest.models.school,nexnest.models.example,nexnest.models.report,nexnest.models.group)
      \-ext 
      | \-declarative (nexnest.models.base)
      \-orm (nexnest.models.listing,nexnest.models.group_listing,nexnest.models.group_user,nexnest.models.landlord_listing,nexnest.models.user,nexnest.application,nexnest.models.school,nexnest.models.group,nexnest.models.landlord)
    wtforms 
      \-fields (nexnest.forms)
      \-validators (nexnest.forms)



Raw metrics
-----------

+----------+-------+------+---------+-----------+
|type      |number |%     |previous |difference |
+==========+=======+======+=========+===========+
|code      |1491   |72.45 |NC       |NC         |
+----------+-------+------+---------+-----------+
|docstring |25     |1.21  |NC       |NC         |
+----------+-------+------+---------+-----------+
|comment   |92     |4.47  |NC       |NC         |
+----------+-------+------+---------+-----------+
|empty     |450    |21.87 |NC       |NC         |
+----------+-------+------+---------+-----------+



Duplication
-----------

+-------------------------+------+---------+-----------+
|                         |now   |previous |difference |
+=========================+======+=========+===========+
|nb duplicated lines      |24    |NC       |NC         |
+-------------------------+------+---------+-----------+
|percent duplicated lines |1.207 |NC       |NC         |
+-------------------------+------+---------+-----------+



Messages by category
--------------------

+-----------+-------+---------+-----------+
|type       |number |previous |difference |
+===========+=======+=========+===========+
|convention |304    |NC       |NC         |
+-----------+-------+---------+-----------+
|refactor   |70     |NC       |NC         |
+-----------+-------+---------+-----------+
|warning    |30     |NC       |NC         |
+-----------+-------+---------+-----------+
|error      |381    |NC       |NC         |
+-----------+-------+---------+-----------+



% errors / warnings by module
-----------------------------

+-----------------------------------+------+--------+---------+-----------+
|module                             |error |warning |refactor |convention |
+===================================+======+========+=========+===========+
|nexnest.models.listing             |18.90 |6.67    |4.29     |3.95       |
+-----------------------------------+------+--------+---------+-----------+
|nexnest.models.user                |12.34 |3.33    |2.86     |11.18      |
+-----------------------------------+------+--------+---------+-----------+
|nexnest.models.school              |5.25  |6.67    |4.29     |1.97       |
+-----------------------------------+------+--------+---------+-----------+
|nexnest.models.group               |4.99  |10.00   |1.43     |11.51      |
+-----------------------------------+------+--------+---------+-----------+
|nexnest.models.tour                |4.72  |6.67    |0.00     |2.96       |
+-----------------------------------+------+--------+---------+-----------+
|nexnest.models.group_listing       |4.72  |0.00    |2.86     |1.64       |
+-----------------------------------+------+--------+---------+-----------+
|nexnest.models.example             |4.20  |13.33   |1.43     |1.97       |
+-----------------------------------+------+--------+---------+-----------+
|nexnest.models.maintenance         |3.94  |6.67    |1.43     |1.64       |
+-----------------------------------+------+--------+---------+-----------+
|nexnest.models.landlord            |3.94  |0.00    |4.29     |1.32       |
+-----------------------------------+------+--------+---------+-----------+
|nexnest.application                |3.41  |23.33   |0.00     |8.55       |
+-----------------------------------+------+--------+---------+-----------+
|nexnest.models.message             |3.41  |6.67    |1.43     |1.64       |
+-----------------------------------+------+--------+---------+-----------+
|nexnest.data_gen.dummy_data        |3.15  |0.00    |0.00     |19.08      |
+-----------------------------------+------+--------+---------+-----------+
|nexnest.models.report              |2.62  |6.67    |1.43     |1.64       |
+-----------------------------------+------+--------+---------+-----------+
|nexnest.models.group_user          |2.62  |0.00    |1.43     |0.99       |
+-----------------------------------+------+--------+---------+-----------+
|nexnest.models.direct_message      |2.36  |3.33    |1.43     |0.66       |
+-----------------------------------+------+--------+---------+-----------+
|nexnest.models.platform_report     |2.36  |0.00    |1.43     |0.99       |
+-----------------------------------+------+--------+---------+-----------+
|nexnest.models.friend              |2.10  |0.00    |1.43     |0.66       |
+-----------------------------------+------+--------+---------+-----------+
|nexnest.models.tour_message        |1.57  |6.67    |1.43     |0.99       |
+-----------------------------------+------+--------+---------+-----------+
|nexnest.models.landlord_listing    |1.57  |0.00    |1.43     |0.99       |
+-----------------------------------+------+--------+---------+-----------+
|nexnest.models.school_user         |1.57  |0.00    |1.43     |0.66       |
+-----------------------------------+------+--------+---------+-----------+
|nexnest.models.report_listing      |1.57  |0.00    |1.43     |0.66       |
+-----------------------------------+------+--------+---------+-----------+
|nexnest.models.report_landlord     |1.57  |0.00    |1.43     |0.66       |
+-----------------------------------+------+--------+---------+-----------+
|nexnest.models.report_group        |1.57  |0.00    |1.43     |0.66       |
+-----------------------------------+------+--------+---------+-----------+
|nexnest.models.maintenance_message |1.57  |0.00    |1.43     |0.66       |
+-----------------------------------+------+--------+---------+-----------+
|nexnest.models.listing_favorite    |1.57  |0.00    |1.43     |0.66       |
+-----------------------------------+------+--------+---------+-----------+
|nexnest.models.group_message       |1.57  |0.00    |1.43     |0.66       |
+-----------------------------------+------+--------+---------+-----------+
|nexnest.data_gen.school_gen        |0.79  |0.00    |18.57    |0.99       |
+-----------------------------------+------+--------+---------+-----------+
|nexnest.data_gen.factories         |0.00  |0.00    |37.14    |9.54       |
+-----------------------------------+------+--------+---------+-----------+
|nexnest.forms                      |0.00  |0.00    |0.00     |6.58       |
+-----------------------------------+------+--------+---------+-----------+
|nexnest.static.dataSets            |0.00  |0.00    |0.00     |2.96       |
+-----------------------------------+------+--------+---------+-----------+
|nexnest.models.base                |0.00  |0.00    |0.00     |0.99       |
+-----------------------------------+------+--------+---------+-----------+



Messages
--------

+-----------------------------+------------+
|message id                   |occurrences |
+=============================+============+
|no-member                    |367         |
+-----------------------------+------------+
|missing-docstring            |132         |
+-----------------------------+------------+
|invalid-name                 |120         |
+-----------------------------+------------+
|too-few-public-methods       |46          |
+-----------------------------+------------+
|wrong-import-order           |22          |
+-----------------------------+------------+
|unused-argument              |18          |
+-----------------------------+------------+
|wrong-import-position        |15          |
+-----------------------------+------------+
|unused-import                |11          |
+-----------------------------+------------+
|cyclic-import                |10          |
+-----------------------------+------------+
|no-name-in-module            |7           |
+-----------------------------+------------+
|import-error                 |7           |
+-----------------------------+------------+
|line-too-long                |6           |
+-----------------------------+------------+
|too-many-instance-attributes |5           |
+-----------------------------+------------+
|singleton-comparison         |5           |
+-----------------------------+------------+
|too-many-arguments           |4           |
+-----------------------------+------------+
|duplicate-code               |3           |
+-----------------------------+------------+
|ungrouped-imports            |2           |
+-----------------------------+------------+
|too-many-locals              |1           |
+-----------------------------+------------+
|redefined-outer-name         |1           |
+-----------------------------+------------+
|no-self-use                  |1           |
+-----------------------------+------------+
|missing-final-newline        |1           |
+-----------------------------+------------+
|bad-continuation             |1           |
+-----------------------------+------------+



Global evaluation
-----------------
Your code has been rated at -11.38/10

